
 /----------------------------------------------------------------------------\
 |                                                                            |
 |  yosys -- Yosys Open SYnthesis Suite                                       |
 |                                                                            |
 |  Copyright (C) 2012 - 2020  Claire Xenia Wolf <claire@yosyshq.com>         |
 |                                                                            |
 |  Permission to use, copy, modify, and/or distribute this software for any  |
 |  purpose with or without fee is hereby granted, provided that the above    |
 |  copyright notice and this permission notice appear in all copies.         |
 |                                                                            |
 |  THE SOFTWARE IS PROVIDED "AS IS" AND THE AUTHOR DISCLAIMS ALL WARRANTIES  |
 |  WITH REGARD TO THIS SOFTWARE INCLUDING ALL IMPLIED WARRANTIES OF          |
 |  MERCHANTABILITY AND FITNESS. IN NO EVENT SHALL THE AUTHOR BE LIABLE FOR   |
 |  ANY SPECIAL, DIRECT, INDIRECT, OR CONSEQUENTIAL DAMAGES OR ANY DAMAGES    |
 |  WHATSOEVER RESULTING FROM LOSS OF USE, DATA OR PROFITS, WHETHER IN AN     |
 |  ACTION OF CONTRACT, NEGLIGENCE OR OTHER TORTIOUS ACTION, ARISING OUT OF   |
 |  OR IN CONNECTION WITH THE USE OR PERFORMANCE OF THIS SOFTWARE.            |
 |                                                                            |
 \----------------------------------------------------------------------------/

 Yosys 0.36+40 (git sha1 449e3dbbd, clang 14.0.6 -fPIC -Os)

[TCL: yosys -import] Command name collision: found pre-existing command `cd' -> skip.
[TCL: yosys -import] Command name collision: found pre-existing command `eval' -> skip.
[TCL: yosys -import] Command name collision: found pre-existing command `exec' -> skip.
[TCL: yosys -import] Command name collision: found pre-existing command `read' -> skip.
[TCL: yosys -import] Command name collision: found pre-existing command `trace' -> skip.

1. Executing Verilog-2005 frontend: /cal/exterieurs/rcarvalho-23/SE204/raynner-schnneider-carvalho/median/synthese/../src/MCE.sv
Parsing SystemVerilog input from `/cal/exterieurs/rcarvalho-23/SE204/raynner-schnneider-carvalho/median/synthese/../src/MCE.sv' to AST representation.
Generating RTLIL representation for module `\MCE'.
Successfully finished Verilog frontend.

2. Executing Verilog-2005 frontend: /cal/exterieurs/rcarvalho-23/SE204/raynner-schnneider-carvalho/median/synthese/../src/MED.sv
Parsing SystemVerilog input from `/cal/exterieurs/rcarvalho-23/SE204/raynner-schnneider-carvalho/median/synthese/../src/MED.sv' to AST representation.
Generating RTLIL representation for module `\MED'.
Warning: Replacing memory \R with list of registers. See /cal/exterieurs/rcarvalho-23/SE204/raynner-schnneider-carvalho/median/synthese/../src/MED.sv:26
Successfully finished Verilog frontend.

3. Executing Verilog-2005 frontend: /cal/exterieurs/rcarvalho-23/SE204/raynner-schnneider-carvalho/median/synthese/../src/MEDIAN.sv
Parsing SystemVerilog input from `/cal/exterieurs/rcarvalho-23/SE204/raynner-schnneider-carvalho/median/synthese/../src/MEDIAN.sv' to AST representation.
Generating RTLIL representation for module `\MEDIAN'.
Successfully finished Verilog frontend.

4. Executing HIERARCHY pass (managing design hierarchy).

4.1. Analyzing design hierarchy..
Top module:  \MEDIAN
Used module:     \MED
Used module:         \MCE
Parameter \DATA_WIDTH = 8

4.2. Executing AST frontend in derive mode using pre-parsed AST for module `\MCE'.
Parameter \DATA_WIDTH = 8
Generating RTLIL representation for module `$paramod\MCE\DATA_WIDTH=s32'00000000000000000000000000001000'.
Parameter \DATA_WIDTH = 8
Parameter \DATA_QTDE = 9

4.3. Executing AST frontend in derive mode using pre-parsed AST for module `\MED'.
Parameter \DATA_WIDTH = 8
Parameter \DATA_QTDE = 9
Generating RTLIL representation for module `$paramod$d55151c992f40468c9deccc375be1a5d731d25dd\MED'.
Warning: Replacing memory \R with list of registers. See /cal/exterieurs/rcarvalho-23/SE204/raynner-schnneider-carvalho/median/synthese/../src/MED.sv:26

4.4. Analyzing design hierarchy..
Top module:  \MEDIAN
Used module:     $paramod$d55151c992f40468c9deccc375be1a5d731d25dd\MED
Used module:         \MCE
Parameter \DATA_WIDTH = 8
Found cached RTLIL representation for module `$paramod\MCE\DATA_WIDTH=s32'00000000000000000000000000001000'.

4.5. Analyzing design hierarchy..
Top module:  \MEDIAN
Used module:     $paramod$d55151c992f40468c9deccc375be1a5d731d25dd\MED
Used module:         $paramod\MCE\DATA_WIDTH=s32'00000000000000000000000000001000

4.6. Analyzing design hierarchy..
Top module:  \MEDIAN
Used module:     $paramod$d55151c992f40468c9deccc375be1a5d731d25dd\MED
Used module:         $paramod\MCE\DATA_WIDTH=s32'00000000000000000000000000001000
Removing unused module `\MED'.
Removing unused module `\MCE'.
Removed 2 unused modules.

5. Executing PREP pass.

5.1. Executing HIERARCHY pass (managing design hierarchy).

5.1.1. Analyzing design hierarchy..
Top module:  \MEDIAN
Used module:     $paramod$d55151c992f40468c9deccc375be1a5d731d25dd\MED
Used module:         $paramod\MCE\DATA_WIDTH=s32'00000000000000000000000000001000

5.1.2. Analyzing design hierarchy..
Top module:  \MEDIAN
Used module:     $paramod$d55151c992f40468c9deccc375be1a5d731d25dd\MED
Used module:         $paramod\MCE\DATA_WIDTH=s32'00000000000000000000000000001000
Removed 0 unused modules.

5.2. Executing PROC pass (convert processes to netlists).

5.2.1. Executing PROC_CLEAN pass (remove empty switches from decision trees).
Cleaned up 0 empty switches.

5.2.2. Executing PROC_RMDEAD pass (remove dead branches from decision trees).
Marked 1 switch rules as full_case in process $proc$/cal/exterieurs/rcarvalho-23/SE204/raynner-schnneider-carvalho/median/synthese/../src/MEDIAN.sv:0$17 in module MEDIAN.
Marked 5 switch rules as full_case in process $proc$/cal/exterieurs/rcarvalho-23/SE204/raynner-schnneider-carvalho/median/synthese/../src/MEDIAN.sv:22$7 in module MEDIAN.
Marked 2 switch rules as full_case in process $proc$/cal/exterieurs/rcarvalho-23/SE204/raynner-schnneider-carvalho/median/synthese/../src/MED.sv:23$20 in module $paramod$d55151c992f40468c9deccc375be1a5d731d25dd\MED.
Removed a total of 0 dead cases.

5.2.3. Executing PROC_PRUNE pass (remove redundant assignments in processes).
Removed 2 redundant assignments.
Promoted 10 assignments to connections.

5.2.4. Executing PROC_INIT pass (extract init attributes).

5.2.5. Executing PROC_ARST pass (detect async resets in processes).
Found async reset \nRST in `\MEDIAN.$proc$/cal/exterieurs/rcarvalho-23/SE204/raynner-schnneider-carvalho/median/synthese/../src/MEDIAN.sv:22$7'.

5.2.6. Executing PROC_ROM pass (convert switches to ROMs).
Converted 0 switches.
<suppressed ~9 debug messages>

5.2.7. Executing PROC_MUX pass (convert decision trees to multiplexers).
Creating decoders for process `\MEDIAN.$proc$/cal/exterieurs/rcarvalho-23/SE204/raynner-schnneider-carvalho/median/synthese/../src/MEDIAN.sv:0$17'.
     1/2: $1\BYP[0:0]
     2/2: $1\DSO[0:0]
Creating decoders for process `\MEDIAN.$proc$/cal/exterieurs/rcarvalho-23/SE204/raynner-schnneider-carvalho/median/synthese/../src/MEDIAN.sv:22$7'.
     1/4: $0\counter[3:0]
     2/4: $0\nCLKon[3:0]
     3/4: $0\nCLKoff[3:0]
     4/4: $0\state[2:0]
Creating decoders for process `$paramod$d55151c992f40468c9deccc375be1a5d731d25dd\MED.$proc$/cal/exterieurs/rcarvalho-23/SE204/raynner-schnneider-carvalho/median/synthese/../src/MED.sv:23$20'.
     1/2: $0\R[8][7:0]
     2/2: $0\R[0][7:0]

5.2.8. Executing PROC_DLATCH pass (convert process syncs to latches).
No latch inferred for signal `\MEDIAN.\BYP' from process `\MEDIAN.$proc$/cal/exterieurs/rcarvalho-23/SE204/raynner-schnneider-carvalho/median/synthese/../src/MEDIAN.sv:0$17'.
No latch inferred for signal `\MEDIAN.\DSO' from process `\MEDIAN.$proc$/cal/exterieurs/rcarvalho-23/SE204/raynner-schnneider-carvalho/median/synthese/../src/MEDIAN.sv:0$17'.

5.2.9. Executing PROC_DFF pass (convert process syncs to FFs).
Creating register for signal `\MEDIAN.\state' using process `\MEDIAN.$proc$/cal/exterieurs/rcarvalho-23/SE204/raynner-schnneider-carvalho/median/synthese/../src/MEDIAN.sv:22$7'.
  created $adff cell `$procdff$85' with positive edge clock and negative level reset.
Creating register for signal `\MEDIAN.\nCLKoff' using process `\MEDIAN.$proc$/cal/exterieurs/rcarvalho-23/SE204/raynner-schnneider-carvalho/median/synthese/../src/MEDIAN.sv:22$7'.
  created $dff cell `$procdff$88' with positive edge clock.
Creating register for signal `\MEDIAN.\nCLKon' using process `\MEDIAN.$proc$/cal/exterieurs/rcarvalho-23/SE204/raynner-schnneider-carvalho/median/synthese/../src/MEDIAN.sv:22$7'.
  created $dff cell `$procdff$91' with positive edge clock.
Creating register for signal `\MEDIAN.\counter' using process `\MEDIAN.$proc$/cal/exterieurs/rcarvalho-23/SE204/raynner-schnneider-carvalho/median/synthese/../src/MEDIAN.sv:22$7'.
  created $dff cell `$procdff$94' with positive edge clock.
Creating register for signal `$paramod$d55151c992f40468c9deccc375be1a5d731d25dd\MED.$fordecl_block$3.i' using process `$paramod$d55151c992f40468c9deccc375be1a5d731d25dd\MED.$proc$/cal/exterieurs/rcarvalho-23/SE204/raynner-schnneider-carvalho/median/synthese/../src/MED.sv:23$20'.
  created $dff cell `$procdff$95' with positive edge clock.
Creating register for signal `$paramod$d55151c992f40468c9deccc375be1a5d731d25dd\MED.\R[0]' using process `$paramod$d55151c992f40468c9deccc375be1a5d731d25dd\MED.$proc$/cal/exterieurs/rcarvalho-23/SE204/raynner-schnneider-carvalho/median/synthese/../src/MED.sv:23$20'.
  created $dff cell `$procdff$96' with positive edge clock.
Creating register for signal `$paramod$d55151c992f40468c9deccc375be1a5d731d25dd\MED.\R[1]' using process `$paramod$d55151c992f40468c9deccc375be1a5d731d25dd\MED.$proc$/cal/exterieurs/rcarvalho-23/SE204/raynner-schnneider-carvalho/median/synthese/../src/MED.sv:23$20'.
  created $dff cell `$procdff$97' with positive edge clock.
Creating register for signal `$paramod$d55151c992f40468c9deccc375be1a5d731d25dd\MED.\R[2]' using process `$paramod$d55151c992f40468c9deccc375be1a5d731d25dd\MED.$proc$/cal/exterieurs/rcarvalho-23/SE204/raynner-schnneider-carvalho/median/synthese/../src/MED.sv:23$20'.
  created $dff cell `$procdff$98' with positive edge clock.
Creating register for signal `$paramod$d55151c992f40468c9deccc375be1a5d731d25dd\MED.\R[3]' using process `$paramod$d55151c992f40468c9deccc375be1a5d731d25dd\MED.$proc$/cal/exterieurs/rcarvalho-23/SE204/raynner-schnneider-carvalho/median/synthese/../src/MED.sv:23$20'.
  created $dff cell `$procdff$99' with positive edge clock.
Creating register for signal `$paramod$d55151c992f40468c9deccc375be1a5d731d25dd\MED.\R[4]' using process `$paramod$d55151c992f40468c9deccc375be1a5d731d25dd\MED.$proc$/cal/exterieurs/rcarvalho-23/SE204/raynner-schnneider-carvalho/median/synthese/../src/MED.sv:23$20'.
  created $dff cell `$procdff$100' with positive edge clock.
Creating register for signal `$paramod$d55151c992f40468c9deccc375be1a5d731d25dd\MED.\R[5]' using process `$paramod$d55151c992f40468c9deccc375be1a5d731d25dd\MED.$proc$/cal/exterieurs/rcarvalho-23/SE204/raynner-schnneider-carvalho/median/synthese/../src/MED.sv:23$20'.
  created $dff cell `$procdff$101' with positive edge clock.
Creating register for signal `$paramod$d55151c992f40468c9deccc375be1a5d731d25dd\MED.\R[6]' using process `$paramod$d55151c992f40468c9deccc375be1a5d731d25dd\MED.$proc$/cal/exterieurs/rcarvalho-23/SE204/raynner-schnneider-carvalho/median/synthese/../src/MED.sv:23$20'.
  created $dff cell `$procdff$102' with positive edge clock.
Creating register for signal `$paramod$d55151c992f40468c9deccc375be1a5d731d25dd\MED.\R[7]' using process `$paramod$d55151c992f40468c9deccc375be1a5d731d25dd\MED.$proc$/cal/exterieurs/rcarvalho-23/SE204/raynner-schnneider-carvalho/median/synthese/../src/MED.sv:23$20'.
  created $dff cell `$procdff$103' with positive edge clock.
Creating register for signal `$paramod$d55151c992f40468c9deccc375be1a5d731d25dd\MED.\R[8]' using process `$paramod$d55151c992f40468c9deccc375be1a5d731d25dd\MED.$proc$/cal/exterieurs/rcarvalho-23/SE204/raynner-schnneider-carvalho/median/synthese/../src/MED.sv:23$20'.
  created $dff cell `$procdff$104' with positive edge clock.

5.2.10. Executing PROC_MEMWR pass (convert process memory writes to cells).

5.2.11. Executing PROC_CLEAN pass (remove empty switches from decision trees).
Found and cleaned up 1 empty switch in `\MEDIAN.$proc$/cal/exterieurs/rcarvalho-23/SE204/raynner-schnneider-carvalho/median/synthese/../src/MEDIAN.sv:0$17'.
Removing empty process `MEDIAN.$proc$/cal/exterieurs/rcarvalho-23/SE204/raynner-schnneider-carvalho/median/synthese/../src/MEDIAN.sv:0$17'.
Found and cleaned up 6 empty switches in `\MEDIAN.$proc$/cal/exterieurs/rcarvalho-23/SE204/raynner-schnneider-carvalho/median/synthese/../src/MEDIAN.sv:22$7'.
Removing empty process `MEDIAN.$proc$/cal/exterieurs/rcarvalho-23/SE204/raynner-schnneider-carvalho/median/synthese/../src/MEDIAN.sv:22$7'.
Found and cleaned up 2 empty switches in `$paramod$d55151c992f40468c9deccc375be1a5d731d25dd\MED.$proc$/cal/exterieurs/rcarvalho-23/SE204/raynner-schnneider-carvalho/median/synthese/../src/MED.sv:23$20'.
Removing empty process `$paramod$d55151c992f40468c9deccc375be1a5d731d25dd\MED.$proc$/cal/exterieurs/rcarvalho-23/SE204/raynner-schnneider-carvalho/median/synthese/../src/MED.sv:23$20'.
Cleaned up 9 empty switches.

5.2.12. Executing OPT_EXPR pass (perform const folding).
Optimizing module MEDIAN.
<suppressed ~2 debug messages>
Optimizing module $paramod$d55151c992f40468c9deccc375be1a5d731d25dd\MED.
Optimizing module $paramod\MCE\DATA_WIDTH=s32'00000000000000000000000000001000.

5.3. Executing FUTURE pass.

5.4. Executing OPT_EXPR pass (perform const folding).
Optimizing module MEDIAN.
Optimizing module $paramod$d55151c992f40468c9deccc375be1a5d731d25dd\MED.
Optimizing module $paramod\MCE\DATA_WIDTH=s32'00000000000000000000000000001000.

5.5. Executing OPT_CLEAN pass (remove unused cells and wires).
Finding unused cells or wires in module \MEDIAN..
Finding unused cells or wires in module $paramod$d55151c992f40468c9deccc375be1a5d731d25dd\MED..
Finding unused cells or wires in module $paramod\MCE\DATA_WIDTH=s32'00000000000000000000000000001000..
Removed 3 unused cells and 35 unused wires.
<suppressed ~6 debug messages>

5.6. Executing CHECK pass (checking for obvious problems).
Checking module $paramod$d55151c992f40468c9deccc375be1a5d731d25dd\MED...
Checking module $paramod\MCE\DATA_WIDTH=s32'00000000000000000000000000001000...
Checking module MEDIAN...
Found and reported 0 problems.

5.7. Executing OPT pass (performing simple optimizations).

5.7.1. Executing OPT_EXPR pass (perform const folding).
Optimizing module $paramod$d55151c992f40468c9deccc375be1a5d731d25dd\MED.
Optimizing module $paramod\MCE\DATA_WIDTH=s32'00000000000000000000000000001000.
Optimizing module MEDIAN.

5.7.2. Executing OPT_MERGE pass (detect identical cells).
Finding identical cells in module `$paramod$d55151c992f40468c9deccc375be1a5d731d25dd\MED'.
Finding identical cells in module `$paramod\MCE\DATA_WIDTH=s32'00000000000000000000000000001000'.
Finding identical cells in module `\MEDIAN'.
<suppressed ~30 debug messages>
Removed a total of 10 cells.

5.7.3. Executing OPT_MUXTREE pass (detect dead branches in mux trees).
Running muxtree optimizer on module $paramod$d55151c992f40468c9deccc375be1a5d731d25dd\MED..
  Creating internal representation of mux trees.
  Evaluating internal representation of mux trees.
  Analyzing evaluation results.
Running muxtree optimizer on module $paramod\MCE\DATA_WIDTH=s32'00000000000000000000000000001000..
  Creating internal representation of mux trees.
  Evaluating internal representation of mux trees.
  Analyzing evaluation results.
Running muxtree optimizer on module \MEDIAN..
  Creating internal representation of mux trees.
  Evaluating internal representation of mux trees.
  Analyzing evaluation results.
Removed 0 multiplexer ports.
<suppressed ~9 debug messages>

5.7.4. Executing OPT_REDUCE pass (consolidate $*mux and $reduce_* inputs).
  Optimizing cells in module $paramod$d55151c992f40468c9deccc375be1a5d731d25dd\MED.
  Optimizing cells in module $paramod\MCE\DATA_WIDTH=s32'00000000000000000000000000001000.
  Optimizing cells in module \MEDIAN.
Performed a total of 0 changes.

5.7.5. Executing OPT_MERGE pass (detect identical cells).
Finding identical cells in module `$paramod$d55151c992f40468c9deccc375be1a5d731d25dd\MED'.
Finding identical cells in module `$paramod\MCE\DATA_WIDTH=s32'00000000000000000000000000001000'.
Finding identical cells in module `\MEDIAN'.
Removed a total of 0 cells.

5.7.6. Executing OPT_CLEAN pass (remove unused cells and wires).
Finding unused cells or wires in module $paramod$d55151c992f40468c9deccc375be1a5d731d25dd\MED..
Finding unused cells or wires in module $paramod\MCE\DATA_WIDTH=s32'00000000000000000000000000001000..
Finding unused cells or wires in module \MEDIAN..
Removed 0 unused cells and 10 unused wires.
<suppressed ~1 debug messages>

5.7.7. Executing OPT_EXPR pass (perform const folding).
Optimizing module $paramod$d55151c992f40468c9deccc375be1a5d731d25dd\MED.
Optimizing module $paramod\MCE\DATA_WIDTH=s32'00000000000000000000000000001000.
Optimizing module MEDIAN.

5.7.8. Rerunning OPT passes. (Maybe there is more to do..)

5.7.9. Executing OPT_MUXTREE pass (detect dead branches in mux trees).
Running muxtree optimizer on module $paramod$d55151c992f40468c9deccc375be1a5d731d25dd\MED..
  Creating internal representation of mux trees.
  Evaluating internal representation of mux trees.
  Analyzing evaluation results.
Running muxtree optimizer on module $paramod\MCE\DATA_WIDTH=s32'00000000000000000000000000001000..
  Creating internal representation of mux trees.
  Evaluating internal representation of mux trees.
  Analyzing evaluation results.
Running muxtree optimizer on module \MEDIAN..
  Creating internal representation of mux trees.
  Evaluating internal representation of mux trees.
  Analyzing evaluation results.
Removed 0 multiplexer ports.
<suppressed ~9 debug messages>

5.7.10. Executing OPT_REDUCE pass (consolidate $*mux and $reduce_* inputs).
  Optimizing cells in module $paramod$d55151c992f40468c9deccc375be1a5d731d25dd\MED.
  Optimizing cells in module $paramod\MCE\DATA_WIDTH=s32'00000000000000000000000000001000.
  Optimizing cells in module \MEDIAN.
Performed a total of 0 changes.

5.7.11. Executing OPT_MERGE pass (detect identical cells).
Finding identical cells in module `$paramod$d55151c992f40468c9deccc375be1a5d731d25dd\MED'.
Finding identical cells in module `$paramod\MCE\DATA_WIDTH=s32'00000000000000000000000000001000'.
Finding identical cells in module `\MEDIAN'.
Removed a total of 0 cells.

5.7.12. Executing OPT_CLEAN pass (remove unused cells and wires).
Finding unused cells or wires in module $paramod$d55151c992f40468c9deccc375be1a5d731d25dd\MED..
Finding unused cells or wires in module $paramod\MCE\DATA_WIDTH=s32'00000000000000000000000000001000..
Finding unused cells or wires in module \MEDIAN..

5.7.13. Executing OPT_EXPR pass (perform const folding).
Optimizing module $paramod$d55151c992f40468c9deccc375be1a5d731d25dd\MED.
Optimizing module $paramod\MCE\DATA_WIDTH=s32'00000000000000000000000000001000.
Optimizing module MEDIAN.

5.7.14. Finished OPT passes. (There is nothing left to do.)

5.8. Executing WREDUCE pass (reducing word size of cells).
Removed top 1 bits (of 3) from port B of cell MEDIAN.$procmux$25_CMP0 ($eq).
Removed top 2 bits (of 3) from port B of cell MEDIAN.$procmux$26_CMP0 ($eq).
Removed top 1 bits (of 4) from port B of cell MEDIAN.$eq$/cal/exterieurs/rcarvalho-23/SE204/raynner-schnneider-carvalho/median/synthese/../src/MEDIAN.sv:42$11 ($eq).
Removed top 31 bits (of 32) from port B of cell MEDIAN.$add$/cal/exterieurs/rcarvalho-23/SE204/raynner-schnneider-carvalho/median/synthese/../src/MEDIAN.sv:46$12 ($add).
Removed top 28 bits (of 32) from port Y of cell MEDIAN.$add$/cal/exterieurs/rcarvalho-23/SE204/raynner-schnneider-carvalho/median/synthese/../src/MEDIAN.sv:46$12 ($add).
Removed top 31 bits (of 32) from port B of cell MEDIAN.$add$/cal/exterieurs/rcarvalho-23/SE204/raynner-schnneider-carvalho/median/synthese/../src/MEDIAN.sv:50$13 ($add).
Removed top 28 bits (of 32) from port Y of cell MEDIAN.$add$/cal/exterieurs/rcarvalho-23/SE204/raynner-schnneider-carvalho/median/synthese/../src/MEDIAN.sv:50$13 ($add).
Removed top 31 bits (of 32) from port B of cell MEDIAN.$sub$/cal/exterieurs/rcarvalho-23/SE204/raynner-schnneider-carvalho/median/synthese/../src/MEDIAN.sv:58$15 ($sub).
Removed top 28 bits (of 32) from port Y of cell MEDIAN.$sub$/cal/exterieurs/rcarvalho-23/SE204/raynner-schnneider-carvalho/median/synthese/../src/MEDIAN.sv:58$15 ($sub).
Removed top 1 bits (of 3) from port B of cell MEDIAN.$procmux$40_CMP0 ($eq).
Removed top 2 bits (of 3) from mux cell MEDIAN.$procmux$62 ($mux).
Removed top 28 bits (of 32) from wire MEDIAN.$add$/cal/exterieurs/rcarvalho-23/SE204/raynner-schnneider-carvalho/median/synthese/../src/MEDIAN.sv:46$12_Y.
Removed top 2 bits (of 3) from wire MEDIAN.$procmux$62_Y.

5.9. Executing OPT_CLEAN pass (remove unused cells and wires).
Finding unused cells or wires in module $paramod$d55151c992f40468c9deccc375be1a5d731d25dd\MED..
Finding unused cells or wires in module $paramod\MCE\DATA_WIDTH=s32'00000000000000000000000000001000..
Finding unused cells or wires in module \MEDIAN..
Removed 0 unused cells and 2 unused wires.
<suppressed ~1 debug messages>

5.10. Executing MEMORY_COLLECT pass (generating $mem cells).

5.11. Executing OPT pass (performing simple optimizations).

5.11.1. Executing OPT_EXPR pass (perform const folding).
Optimizing module $paramod$d55151c992f40468c9deccc375be1a5d731d25dd\MED.
Optimizing module $paramod\MCE\DATA_WIDTH=s32'00000000000000000000000000001000.
Optimizing module MEDIAN.

5.11.2. Executing OPT_MERGE pass (detect identical cells).
Finding identical cells in module `$paramod$d55151c992f40468c9deccc375be1a5d731d25dd\MED'.
Finding identical cells in module `$paramod\MCE\DATA_WIDTH=s32'00000000000000000000000000001000'.
Finding identical cells in module `\MEDIAN'.
Removed a total of 0 cells.

5.11.3. Executing OPT_CLEAN pass (remove unused cells and wires).
Finding unused cells or wires in module $paramod$d55151c992f40468c9deccc375be1a5d731d25dd\MED..
Finding unused cells or wires in module $paramod\MCE\DATA_WIDTH=s32'00000000000000000000000000001000..
Finding unused cells or wires in module \MEDIAN..

5.11.4. Finished fast OPT passes.

5.12. Printing statistics.

=== $paramod$d55151c992f40468c9deccc375be1a5d731d25dd\MED ===

   Number of wires:                 19
   Number of wire bits:            131
   Number of public wires:          17
   Number of public wire bits:     115
   Number of memories:               0
   Number of memory bits:            0
   Number of processes:              0
   Number of cells:                 12
     $dff                            9
     $mux                            2
     $paramod\MCE\DATA_WIDTH=s32'00000000000000000000000000001000      1

=== $paramod\MCE\DATA_WIDTH=s32'00000000000000000000000000001000 ===

   Number of wires:                  5
   Number of wire bits:             33
   Number of public wires:           4
   Number of public wire bits:      32
   Number of memories:               0
   Number of memory bits:            0
   Number of processes:              0
   Number of cells:                  2
     $gt                             1
     $mux                            1

=== MEDIAN ===

   Number of wires:                 38
   Number of wire bits:            170
   Number of public wires:          11
   Number of public wire bits:      36
   Number of memories:               0
   Number of memory bits:            0
   Number of processes:              0
   Number of cells:                 34
     $add                            2
     $adff                           1
     $dff                            3
     $eq                             7
     $logic_not                      1
     $mux                           13
     $paramod$d55151c992f40468c9deccc375be1a5d731d25dd\MED      1
     $pmux                           5
     $sub                            1

=== design hierarchy ===

   MEDIAN                            1
     $paramod$d55151c992f40468c9deccc375be1a5d731d25dd\MED      1
       $paramod\MCE\DATA_WIDTH=s32'00000000000000000000000000001000      1

   Number of wires:                 62
   Number of wire bits:            334
   Number of public wires:          32
   Number of public wire bits:     183
   Number of memories:               0
   Number of memory bits:            0
   Number of processes:              0
   Number of cells:                 46
     $add                            2
     $adff                           1
     $dff                           12
     $eq                             7
     $gt                             1
     $logic_not                      1
     $mux                           16
     $pmux                           5
     $sub                            1

5.13. Executing CHECK pass (checking for obvious problems).
Checking module $paramod$d55151c992f40468c9deccc375be1a5d731d25dd\MED...
Checking module $paramod\MCE\DATA_WIDTH=s32'00000000000000000000000000001000...
Checking module MEDIAN...
Found and reported 0 problems.

6. Executing JSON backend.

7. Executing SYNTH_INTEL_ALM pass.

7.1. Executing Verilog-2005 frontend: /comelec/softs/opt/yosys/current/bin/../share/yosys/intel_alm/cyclonev/cells_sim.v
Parsing SystemVerilog input from `/comelec/softs/opt/yosys/current/bin/../share/yosys/intel_alm/cyclonev/cells_sim.v' to AST representation.
Generating RTLIL representation for module `\VCC'.
Generating RTLIL representation for module `\GND'.
Generating RTLIL representation for module `\cyclonev_io_ibuf'.
Generating RTLIL representation for module `\cyclonev_io_obuf'.
Generating RTLIL representation for module `\cyclonev_lcell_comb'.
Generating RTLIL representation for module `\dffeas'.
Successfully finished Verilog frontend.

7.2. Executing Verilog-2005 frontend: /comelec/softs/opt/yosys/current/bin/../share/yosys/intel_alm/common/alm_sim.v
Parsing Verilog input from `/comelec/softs/opt/yosys/current/bin/../share/yosys/intel_alm/common/alm_sim.v' to AST representation.
Generating RTLIL representation for module `\MISTRAL_ALUT6'.
Generating RTLIL representation for module `\MISTRAL_ALUT5'.
Generating RTLIL representation for module `\MISTRAL_ALUT4'.
Generating RTLIL representation for module `\MISTRAL_ALUT3'.
Generating RTLIL representation for module `\MISTRAL_ALUT2'.
Generating RTLIL representation for module `\MISTRAL_NOT'.
Generating RTLIL representation for module `\MISTRAL_ALUT_ARITH'.
Successfully finished Verilog frontend.

7.3. Executing Verilog-2005 frontend: /comelec/softs/opt/yosys/current/bin/../share/yosys/intel_alm/common/dff_sim.v
Parsing Verilog input from `/comelec/softs/opt/yosys/current/bin/../share/yosys/intel_alm/common/dff_sim.v' to AST representation.
Generating RTLIL representation for module `\MISTRAL_FF'.
Successfully finished Verilog frontend.

7.4. Executing Verilog-2005 frontend: /comelec/softs/opt/yosys/current/bin/../share/yosys/intel_alm/common/dsp_sim.v
Parsing Verilog input from `/comelec/softs/opt/yosys/current/bin/../share/yosys/intel_alm/common/dsp_sim.v' to AST representation.
Generating RTLIL representation for module `\MISTRAL_MUL27X27'.
Generating RTLIL representation for module `\MISTRAL_MUL18X18'.
Generating RTLIL representation for module `\MISTRAL_MUL9X9'.
Successfully finished Verilog frontend.

7.5. Executing Verilog-2005 frontend: /comelec/softs/opt/yosys/current/bin/../share/yosys/intel_alm/common/mem_sim.v
Parsing Verilog input from `/comelec/softs/opt/yosys/current/bin/../share/yosys/intel_alm/common/mem_sim.v' to AST representation.
Generating RTLIL representation for module `\MISTRAL_MLAB'.
Generating RTLIL representation for module `\MISTRAL_M10K'.
Successfully finished Verilog frontend.

7.6. Executing Verilog-2005 frontend: /comelec/softs/opt/yosys/current/bin/../share/yosys/intel_alm/common/misc_sim.v
Parsing Verilog input from `/comelec/softs/opt/yosys/current/bin/../share/yosys/intel_alm/common/misc_sim.v' to AST representation.
Generating RTLIL representation for module `\MISTRAL_IB'.
Generating RTLIL representation for module `\MISTRAL_OB'.
Generating RTLIL representation for module `\MISTRAL_IO'.
Generating RTLIL representation for module `\MISTRAL_CLKBUF'.
Successfully finished Verilog frontend.

7.7. Executing Verilog-2005 frontend: /comelec/softs/opt/yosys/current/bin/../share/yosys/intel_alm/common/abc9_model.v
Parsing Verilog input from `/comelec/softs/opt/yosys/current/bin/../share/yosys/intel_alm/common/abc9_model.v' to AST representation.
Generating RTLIL representation for module `$__MISTRAL_FF_SYNCONLY'.
Successfully finished Verilog frontend.

7.8. Executing Verilog-2005 frontend: /comelec/softs/opt/yosys/current/bin/../share/yosys/intel/common/altpll_bb.v
Parsing Verilog input from `/comelec/softs/opt/yosys/current/bin/../share/yosys/intel/common/altpll_bb.v' to AST representation.
Successfully finished Verilog frontend.

7.9. Executing Verilog-2005 frontend: /comelec/softs/opt/yosys/current/bin/../share/yosys/intel_alm/common/megafunction_bb.v
Parsing Verilog input from `/comelec/softs/opt/yosys/current/bin/../share/yosys/intel_alm/common/megafunction_bb.v' to AST representation.
Generating RTLIL representation for module `\altera_pll'.
Generating RTLIL representation for module `\altera_std_synchronizer'.
Generating RTLIL representation for module `\altddio_in'.
Generating RTLIL representation for module `\altddio_out'.
Generating RTLIL representation for module `\altddio_bidir'.
Generating RTLIL representation for module `\altiobuf_in'.
Generating RTLIL representation for module `\altiobuf_out'.
Generating RTLIL representation for module `\altiobuf_bidir'.
Generating RTLIL representation for module `\altsyncram'.
Generating RTLIL representation for module `\cyclonev_mlab_cell'.
Generating RTLIL representation for module `\cyclonev_mac'.
Generating RTLIL representation for module `\cyclone10gx_mac'.
Generating RTLIL representation for module `\cyclonev_ram_block'.
Generating RTLIL representation for module `\cyclone10gx_io_ibuf'.
Generating RTLIL representation for module `\cyclone10gx_io_obuf'.
Generating RTLIL representation for module `\cyclonev_clkena'.
Generating RTLIL representation for module `\cyclone10gx_clkena'.
Generating RTLIL representation for module `\cyclonev_oscillator'.
Generating RTLIL representation for module `\cyclonev_hps_interface_mpu_general_purpose'.
Successfully finished Verilog frontend.

7.10. Executing HIERARCHY pass (managing design hierarchy).

7.10.1. Analyzing design hierarchy..
Top module:  \MEDIAN
Used module:     $paramod$d55151c992f40468c9deccc375be1a5d731d25dd\MED
Used module:         $paramod\MCE\DATA_WIDTH=s32'00000000000000000000000000001000

7.10.2. Analyzing design hierarchy..
Top module:  \MEDIAN
Used module:     $paramod$d55151c992f40468c9deccc375be1a5d731d25dd\MED
Used module:         $paramod\MCE\DATA_WIDTH=s32'00000000000000000000000000001000
Removed 0 unused modules.

7.11. Executing PROC pass (convert processes to netlists).

7.11.1. Executing PROC_CLEAN pass (remove empty switches from decision trees).
Cleaned up 0 empty switches.

7.11.2. Executing PROC_RMDEAD pass (remove dead branches from decision trees).
Marked 1 switch rules as full_case in process $proc$/comelec/softs/opt/yosys/current/bin/../share/yosys/intel_alm/common/mem_sim.v:100$198 in module MISTRAL_MLAB.
Marked 3 switch rules as full_case in process $proc$/comelec/softs/opt/yosys/current/bin/../share/yosys/intel_alm/common/dff_sim.v:118$171 in module MISTRAL_FF.
Removed a total of 0 dead cases.

7.11.3. Executing PROC_PRUNE pass (remove redundant assignments in processes).
Removed 0 redundant assignments.
Promoted 7 assignments to connections.

7.11.4. Executing PROC_INIT pass (extract init attributes).
Found init rule in `\MISTRAL_MLAB.$proc$/comelec/softs/opt/yosys/current/bin/../share/yosys/intel_alm/common/mem_sim.v:57$218'.
  Set init value: \mem = 0
Found init rule in `\MISTRAL_FF.$proc$/comelec/softs/opt/yosys/current/bin/../share/yosys/intel_alm/common/dff_sim.v:0$173'.
  Set init value: \Q = 1'0

7.11.5. Executing PROC_ARST pass (detect async resets in processes).
Found async reset \ACLR in `\MISTRAL_FF.$proc$/comelec/softs/opt/yosys/current/bin/../share/yosys/intel_alm/common/dff_sim.v:118$171'.

7.11.6. Executing PROC_ROM pass (convert switches to ROMs).
Converted 0 switches.
<suppressed ~4 debug messages>

7.11.7. Executing PROC_MUX pass (convert decision trees to multiplexers).
Creating decoders for process `\MISTRAL_MLAB.$proc$/comelec/softs/opt/yosys/current/bin/../share/yosys/intel_alm/common/mem_sim.v:57$218'.
Creating decoders for process `\MISTRAL_MLAB.$proc$/comelec/softs/opt/yosys/current/bin/../share/yosys/intel_alm/common/mem_sim.v:100$198'.
     1/4: $1$lookahead\mem$197[31:0]$206
     2/4: $1$bitselwrite$data$/comelec/softs/opt/yosys/current/bin/../share/yosys/intel_alm/common/mem_sim.v:101$195[31:0]$204
     3/4: $1$bitselwrite$mask$/comelec/softs/opt/yosys/current/bin/../share/yosys/intel_alm/common/mem_sim.v:101$194[31:0]$203
     4/4: $1$bitselwrite$sel$/comelec/softs/opt/yosys/current/bin/../share/yosys/intel_alm/common/mem_sim.v:101$196[4:0]$205
Creating decoders for process `\MISTRAL_FF.$proc$/comelec/softs/opt/yosys/current/bin/../share/yosys/intel_alm/common/dff_sim.v:0$173'.
Creating decoders for process `\MISTRAL_FF.$proc$/comelec/softs/opt/yosys/current/bin/../share/yosys/intel_alm/common/dff_sim.v:118$171'.
     1/1: $0\Q[0:0]

7.11.8. Executing PROC_DLATCH pass (convert process syncs to latches).

7.11.9. Executing PROC_DFF pass (convert process syncs to FFs).
Creating register for signal `\MISTRAL_MLAB.\mem' using process `\MISTRAL_MLAB.$proc$/comelec/softs/opt/yosys/current/bin/../share/yosys/intel_alm/common/mem_sim.v:100$198'.
  created $dff cell `$procdff$242' with positive edge clock.
Creating register for signal `\MISTRAL_MLAB.$bitselwrite$mask$/comelec/softs/opt/yosys/current/bin/../share/yosys/intel_alm/common/mem_sim.v:101$194' using process `\MISTRAL_MLAB.$proc$/comelec/softs/opt/yosys/current/bin/../share/yosys/intel_alm/common/mem_sim.v:100$198'.
  created $dff cell `$procdff$243' with positive edge clock.
Creating register for signal `\MISTRAL_MLAB.$bitselwrite$data$/comelec/softs/opt/yosys/current/bin/../share/yosys/intel_alm/common/mem_sim.v:101$195' using process `\MISTRAL_MLAB.$proc$/comelec/softs/opt/yosys/current/bin/../share/yosys/intel_alm/common/mem_sim.v:100$198'.
  created $dff cell `$procdff$244' with positive edge clock.
Creating register for signal `\MISTRAL_MLAB.$bitselwrite$sel$/comelec/softs/opt/yosys/current/bin/../share/yosys/intel_alm/common/mem_sim.v:101$196' using process `\MISTRAL_MLAB.$proc$/comelec/softs/opt/yosys/current/bin/../share/yosys/intel_alm/common/mem_sim.v:100$198'.
  created $dff cell `$procdff$245' with positive edge clock.
Creating register for signal `\MISTRAL_MLAB.$lookahead\mem$197' using process `\MISTRAL_MLAB.$proc$/comelec/softs/opt/yosys/current/bin/../share/yosys/intel_alm/common/mem_sim.v:100$198'.
  created $dff cell `$procdff$246' with positive edge clock.
Creating register for signal `\MISTRAL_FF.\Q' using process `\MISTRAL_FF.$proc$/comelec/softs/opt/yosys/current/bin/../share/yosys/intel_alm/common/dff_sim.v:118$171'.
  created $adff cell `$procdff$247' with positive edge clock and negative level reset.

7.11.10. Executing PROC_MEMWR pass (convert process memory writes to cells).

7.11.11. Executing PROC_CLEAN pass (remove empty switches from decision trees).
Removing empty process `MISTRAL_MLAB.$proc$/comelec/softs/opt/yosys/current/bin/../share/yosys/intel_alm/common/mem_sim.v:57$218'.
Found and cleaned up 1 empty switch in `\MISTRAL_MLAB.$proc$/comelec/softs/opt/yosys/current/bin/../share/yosys/intel_alm/common/mem_sim.v:100$198'.
Removing empty process `MISTRAL_MLAB.$proc$/comelec/softs/opt/yosys/current/bin/../share/yosys/intel_alm/common/mem_sim.v:100$198'.
Removing empty process `MISTRAL_FF.$proc$/comelec/softs/opt/yosys/current/bin/../share/yosys/intel_alm/common/dff_sim.v:0$173'.
Found and cleaned up 3 empty switches in `\MISTRAL_FF.$proc$/comelec/softs/opt/yosys/current/bin/../share/yosys/intel_alm/common/dff_sim.v:118$171'.
Removing empty process `MISTRAL_FF.$proc$/comelec/softs/opt/yosys/current/bin/../share/yosys/intel_alm/common/dff_sim.v:118$171'.
Cleaned up 4 empty switches.

7.11.12. Executing OPT_EXPR pass (perform const folding).
Optimizing module $paramod$d55151c992f40468c9deccc375be1a5d731d25dd\MED.
Optimizing module $paramod\MCE\DATA_WIDTH=s32'00000000000000000000000000001000.
Optimizing module MEDIAN.

7.12. Executing FLATTEN pass (flatten design).
Deleting now unused module $paramod$d55151c992f40468c9deccc375be1a5d731d25dd\MED.
Deleting now unused module $paramod\MCE\DATA_WIDTH=s32'00000000000000000000000000001000.
<suppressed ~2 debug messages>

7.13. Executing TRIBUF pass.

7.14. Executing DEMINOUT pass (demote inout ports to input or output).

7.15. Executing OPT_EXPR pass (perform const folding).
Optimizing module MEDIAN.

7.16. Executing OPT_CLEAN pass (remove unused cells and wires).
Finding unused cells or wires in module \MEDIAN..

7.17. Executing CHECK pass (checking for obvious problems).
Checking module MEDIAN...
Found and reported 0 problems.

7.18. Executing OPT pass (performing simple optimizations).

7.18.1. Executing OPT_EXPR pass (perform const folding).
Optimizing module MEDIAN.

7.18.2. Executing OPT_MERGE pass (detect identical cells).
Finding identical cells in module `\MEDIAN'.
Removed a total of 0 cells.

7.18.3. Executing OPT_MUXTREE pass (detect dead branches in mux trees).
Running muxtree optimizer on module \MEDIAN..
  Creating internal representation of mux trees.
  Evaluating internal representation of mux trees.
  Analyzing evaluation results.
Removed 0 multiplexer ports.
<suppressed ~9 debug messages>

7.18.4. Executing OPT_REDUCE pass (consolidate $*mux and $reduce_* inputs).
  Optimizing cells in module \MEDIAN.
Performed a total of 0 changes.

7.18.5. Executing OPT_MERGE pass (detect identical cells).
Finding identical cells in module `\MEDIAN'.
Removed a total of 0 cells.

7.18.6. Executing OPT_DFF pass (perform DFF optimizations).

7.18.7. Executing OPT_CLEAN pass (remove unused cells and wires).
Finding unused cells or wires in module \MEDIAN..

7.18.8. Executing OPT_EXPR pass (perform const folding).
Optimizing module MEDIAN.

7.18.9. Finished OPT passes. (There is nothing left to do.)

7.19. Executing FSM pass (extract and optimize FSM).

7.19.1. Executing FSM_DETECT pass (finding FSMs in design).
Not marking MEDIAN.state as FSM state register:
    Circuit seems to be self-resetting.

7.19.2. Executing FSM_EXTRACT pass (extracting FSM from design).

7.19.3. Executing FSM_OPT pass (simple optimizations of FSMs).

7.19.4. Executing OPT_CLEAN pass (remove unused cells and wires).
Finding unused cells or wires in module \MEDIAN..

7.19.5. Executing FSM_OPT pass (simple optimizations of FSMs).

7.19.6. Executing FSM_RECODE pass (re-assigning FSM state encoding).

7.19.7. Executing FSM_INFO pass (dumping all available information on FSM cells).

7.19.8. Executing FSM_MAP pass (mapping FSMs to basic logic).

7.20. Executing OPT pass (performing simple optimizations).

7.20.1. Executing OPT_EXPR pass (perform const folding).
Optimizing module MEDIAN.

7.20.2. Executing OPT_MERGE pass (detect identical cells).
Finding identical cells in module `\MEDIAN'.
Removed a total of 0 cells.

7.20.3. Executing OPT_MUXTREE pass (detect dead branches in mux trees).
Running muxtree optimizer on module \MEDIAN..
  Creating internal representation of mux trees.
  Evaluating internal representation of mux trees.
  Analyzing evaluation results.
Removed 0 multiplexer ports.
<suppressed ~9 debug messages>

7.20.4. Executing OPT_REDUCE pass (consolidate $*mux and $reduce_* inputs).
  Optimizing cells in module \MEDIAN.
Performed a total of 0 changes.

7.20.5. Executing OPT_MERGE pass (detect identical cells).
Finding identical cells in module `\MEDIAN'.
Removed a total of 0 cells.

7.20.6. Executing OPT_DFF pass (perform DFF optimizations).
Adding EN signal on $procdff$94 ($dff) from module MEDIAN (D = $0\counter[3:0], Q = \counter).
Adding EN signal on $procdff$91 ($dff) from module MEDIAN (D = $0\nCLKon[3:0], Q = \nCLKon).
Adding EN signal on $procdff$88 ($dff) from module MEDIAN (D = $0\nCLKoff[3:0], Q = \nCLKoff).
Adding EN signal on $procdff$85 ($adff) from module MEDIAN (D = $0\state[2:0], Q = \state).
Adding EN signal on $flatten\I_MED.$procdff$104 ($dff) from module MEDIAN (D = $flatten\I_MED.$0\R[8][7:0], Q = \I_MED.R[8]).

7.20.7. Executing OPT_CLEAN pass (remove unused cells and wires).
Finding unused cells or wires in module \MEDIAN..
Removed 3 unused cells and 3 unused wires.
<suppressed ~4 debug messages>

7.20.8. Executing OPT_EXPR pass (perform const folding).
Optimizing module MEDIAN.
<suppressed ~3 debug messages>

7.20.9. Rerunning OPT passes. (Maybe there is more to do..)

7.20.10. Executing OPT_MUXTREE pass (detect dead branches in mux trees).
Running muxtree optimizer on module \MEDIAN..
  Creating internal representation of mux trees.
  Evaluating internal representation of mux trees.
  Analyzing evaluation results.
Removed 0 multiplexer ports.
<suppressed ~9 debug messages>

7.20.11. Executing OPT_REDUCE pass (consolidate $*mux and $reduce_* inputs).
  Optimizing cells in module \MEDIAN.
Performed a total of 0 changes.

7.20.12. Executing OPT_MERGE pass (detect identical cells).
Finding identical cells in module `\MEDIAN'.
Removed a total of 0 cells.

7.20.13. Executing OPT_DFF pass (perform DFF optimizations).

7.20.14. Executing OPT_CLEAN pass (remove unused cells and wires).
Finding unused cells or wires in module \MEDIAN..

7.20.15. Executing OPT_EXPR pass (perform const folding).
Optimizing module MEDIAN.

7.20.16. Finished OPT passes. (There is nothing left to do.)

7.21. Executing WREDUCE pass (reducing word size of cells).
Removed top 1 bits (of 2) from port B of cell MEDIAN.$auto$opt_dff.cc:195:make_patterns_logic$264 ($ne).
Removed top 1 bits (of 2) from port B of cell MEDIAN.$auto$opt_dff.cc:195:make_patterns_logic$276 ($ne).
Removed top 28 bits (of 32) from wire MEDIAN.$add$/cal/exterieurs/rcarvalho-23/SE204/raynner-schnneider-carvalho/median/synthese/../src/MEDIAN.sv:50$13_Y.
Removed top 2 bits (of 3) from wire MEDIAN.$auto$wreduce.cc:461:run$106.
Removed top 28 bits (of 32) from wire MEDIAN.$sub$/cal/exterieurs/rcarvalho-23/SE204/raynner-schnneider-carvalho/median/synthese/../src/MEDIAN.sv:58$15_Y.

7.22. Executing PEEPOPT pass (run peephole optimizers).

7.23. Executing OPT_CLEAN pass (remove unused cells and wires).
Finding unused cells or wires in module \MEDIAN..
Removed 0 unused cells and 3 unused wires.
<suppressed ~1 debug messages>

7.24. Executing SHARE pass (SAT-based resource sharing).

7.25. Executing TECHMAP pass (map to technology primitives).

7.25.1. Executing Verilog-2005 frontend: /comelec/softs/opt/yosys/current/bin/../share/yosys/cmp2lut.v
Parsing Verilog input from `/comelec/softs/opt/yosys/current/bin/../share/yosys/cmp2lut.v' to AST representation.
Generating RTLIL representation for module `\_90_lut_cmp_'.
Successfully finished Verilog frontend.

7.25.2. Continuing TECHMAP pass.
No more expansions possible.
<suppressed ~36 debug messages>

7.26. Executing OPT_EXPR pass (perform const folding).
Optimizing module MEDIAN.

7.27. Executing OPT_CLEAN pass (remove unused cells and wires).
Finding unused cells or wires in module \MEDIAN..

7.28. Executing TECHMAP pass (map to technology primitives).

7.28.1. Executing Verilog-2005 frontend: /comelec/softs/opt/yosys/current/bin/../share/yosys/mul2dsp.v
Parsing Verilog input from `/comelec/softs/opt/yosys/current/bin/../share/yosys/mul2dsp.v' to AST representation.
Generating RTLIL representation for module `\_80_mul'.
Generating RTLIL representation for module `\_90_soft_mul'.
Successfully finished Verilog frontend.

7.28.2. Continuing TECHMAP pass.
No more expansions possible.
<suppressed ~4 debug messages>

7.29. Executing TECHMAP pass (map to technology primitives).

7.29.1. Executing Verilog-2005 frontend: /comelec/softs/opt/yosys/current/bin/../share/yosys/mul2dsp.v
Parsing Verilog input from `/comelec/softs/opt/yosys/current/bin/../share/yosys/mul2dsp.v' to AST representation.
Generating RTLIL representation for module `\_80_mul'.
Generating RTLIL representation for module `\_90_soft_mul'.
Successfully finished Verilog frontend.

7.29.2. Continuing TECHMAP pass.
No more expansions possible.
<suppressed ~4 debug messages>

7.30. Executing TECHMAP pass (map to technology primitives).

7.30.1. Executing Verilog-2005 frontend: /comelec/softs/opt/yosys/current/bin/../share/yosys/mul2dsp.v
Parsing Verilog input from `/comelec/softs/opt/yosys/current/bin/../share/yosys/mul2dsp.v' to AST representation.
Generating RTLIL representation for module `\_80_mul'.
Generating RTLIL representation for module `\_90_soft_mul'.
Successfully finished Verilog frontend.

7.30.2. Continuing TECHMAP pass.
No more expansions possible.
<suppressed ~4 debug messages>

7.31. Executing TECHMAP pass (map to technology primitives).

7.31.1. Executing Verilog-2005 frontend: /comelec/softs/opt/yosys/current/bin/../share/yosys/mul2dsp.v
Parsing Verilog input from `/comelec/softs/opt/yosys/current/bin/../share/yosys/mul2dsp.v' to AST representation.
Generating RTLIL representation for module `\_80_mul'.
Generating RTLIL representation for module `\_90_soft_mul'.
Successfully finished Verilog frontend.

7.31.2. Continuing TECHMAP pass.
No more expansions possible.
<suppressed ~4 debug messages>

7.32. Executing TECHMAP pass (map to technology primitives).

7.32.1. Executing Verilog-2005 frontend: /comelec/softs/opt/yosys/current/bin/../share/yosys/mul2dsp.v
Parsing Verilog input from `/comelec/softs/opt/yosys/current/bin/../share/yosys/mul2dsp.v' to AST representation.
Generating RTLIL representation for module `\_80_mul'.
Generating RTLIL representation for module `\_90_soft_mul'.
Successfully finished Verilog frontend.

7.32.2. Continuing TECHMAP pass.
No more expansions possible.
<suppressed ~4 debug messages>

7.33. Executing ALUMACC pass (create $alu and $macc cells).
Extracting $alu and $macc cells in module MEDIAN:
  creating $macc model for $add$/cal/exterieurs/rcarvalho-23/SE204/raynner-schnneider-carvalho/median/synthese/../src/MEDIAN.sv:46$12 ($add).
  creating $macc model for $add$/cal/exterieurs/rcarvalho-23/SE204/raynner-schnneider-carvalho/median/synthese/../src/MEDIAN.sv:50$13 ($add).
  creating $macc model for $sub$/cal/exterieurs/rcarvalho-23/SE204/raynner-schnneider-carvalho/median/synthese/../src/MEDIAN.sv:58$15 ($sub).
  creating $alu model for $macc $sub$/cal/exterieurs/rcarvalho-23/SE204/raynner-schnneider-carvalho/median/synthese/../src/MEDIAN.sv:58$15.
  creating $alu model for $macc $add$/cal/exterieurs/rcarvalho-23/SE204/raynner-schnneider-carvalho/median/synthese/../src/MEDIAN.sv:50$13.
  creating $alu model for $macc $add$/cal/exterieurs/rcarvalho-23/SE204/raynner-schnneider-carvalho/median/synthese/../src/MEDIAN.sv:46$12.
  creating $alu model for $flatten\I_MED.\I_MCE.$gt$/cal/exterieurs/rcarvalho-23/SE204/raynner-schnneider-carvalho/median/synthese/../src/MCE.sv:12$18 ($gt): new $alu
  creating $alu cell for $flatten\I_MED.\I_MCE.$gt$/cal/exterieurs/rcarvalho-23/SE204/raynner-schnneider-carvalho/median/synthese/../src/MCE.sv:12$18: $auto$alumacc.cc:485:replace_alu$282
  creating $alu cell for $add$/cal/exterieurs/rcarvalho-23/SE204/raynner-schnneider-carvalho/median/synthese/../src/MEDIAN.sv:46$12: $auto$alumacc.cc:485:replace_alu$293
  creating $alu cell for $add$/cal/exterieurs/rcarvalho-23/SE204/raynner-schnneider-carvalho/median/synthese/../src/MEDIAN.sv:50$13: $auto$alumacc.cc:485:replace_alu$296
  creating $alu cell for $sub$/cal/exterieurs/rcarvalho-23/SE204/raynner-schnneider-carvalho/median/synthese/../src/MEDIAN.sv:58$15: $auto$alumacc.cc:485:replace_alu$299
  created 4 $alu and 0 $macc cells.

7.34. Executing IOPADMAP pass (mapping inputs/outputs to IO-PAD cells).
Mapping port MEDIAN.CLK using MISTRAL_IB.
Mapping port MEDIAN.DI using MISTRAL_IB.
Mapping port MEDIAN.DO using MISTRAL_OB.
Mapping port MEDIAN.DSI using MISTRAL_IB.
Mapping port MEDIAN.DSO using MISTRAL_OB.
Mapping port MEDIAN.nRST using MISTRAL_IB.

7.35. Executing TECHMAP pass (map to technology primitives).

7.35.1. Executing Verilog-2005 frontend: /comelec/softs/opt/yosys/current/bin/../share/yosys/intel_alm/common/arith_alm_map.v
Parsing Verilog input from `/comelec/softs/opt/yosys/current/bin/../share/yosys/intel_alm/common/arith_alm_map.v' to AST representation.
Generating RTLIL representation for module `\$alu'.
Successfully finished Verilog frontend.

7.35.2. Executing Verilog-2005 frontend: /comelec/softs/opt/yosys/current/bin/../share/yosys/intel_alm/common/dsp_map.v
Parsing Verilog input from `/comelec/softs/opt/yosys/current/bin/../share/yosys/intel_alm/common/dsp_map.v' to AST representation.
Generating RTLIL representation for module `\__MUL27X27'.
Generating RTLIL representation for module `\__MUL18X18'.
Generating RTLIL representation for module `\__MUL9X9'.
Successfully finished Verilog frontend.

7.35.3. Continuing TECHMAP pass.
Using template $paramod$4d390c14c7ada643e28c1b1603603b46cb2755a8\$alu for cells of type $alu.
Using template $paramod$862b084c2b0e007641769603940f08cbdce488d5\$alu for cells of type $alu.
Using template $paramod$09c2da2fd80113fcc7c84f56882b37fd4f3eecea\$alu for cells of type $alu.
No more expansions possible.
<suppressed ~79 debug messages>

7.36. Executing OPT pass (performing simple optimizations).

7.36.1. Executing OPT_EXPR pass (perform const folding).
Optimizing module MEDIAN.
<suppressed ~60 debug messages>

7.36.2. Executing OPT_MERGE pass (detect identical cells).
Finding identical cells in module `\MEDIAN'.
Removed a total of 0 cells.

7.36.3. Executing OPT_MUXTREE pass (detect dead branches in mux trees).
Running muxtree optimizer on module \MEDIAN..
  Creating internal representation of mux trees.
  Evaluating internal representation of mux trees.
  Analyzing evaluation results.
Removed 0 multiplexer ports.
<suppressed ~9 debug messages>

7.36.4. Executing OPT_REDUCE pass (consolidate $*mux and $reduce_* inputs).
  Optimizing cells in module \MEDIAN.
Performed a total of 0 changes.

7.36.5. Executing OPT_MERGE pass (detect identical cells).
Finding identical cells in module `\MEDIAN'.
Removed a total of 0 cells.

7.36.6. Executing OPT_DFF pass (perform DFF optimizations).

7.36.7. Executing OPT_CLEAN pass (remove unused cells and wires).
Finding unused cells or wires in module \MEDIAN..
Removed 76 unused cells and 193 unused wires.
<suppressed ~82 debug messages>

7.36.8. Executing OPT_EXPR pass (perform const folding).
Optimizing module MEDIAN.

7.36.9. Rerunning OPT passes. (Maybe there is more to do..)

7.36.10. Executing OPT_MUXTREE pass (detect dead branches in mux trees).
Running muxtree optimizer on module \MEDIAN..
  Creating internal representation of mux trees.
  Evaluating internal representation of mux trees.
  Analyzing evaluation results.
Removed 0 multiplexer ports.
<suppressed ~9 debug messages>

7.36.11. Executing OPT_REDUCE pass (consolidate $*mux and $reduce_* inputs).
  Optimizing cells in module \MEDIAN.
Performed a total of 0 changes.

7.36.12. Executing OPT_MERGE pass (detect identical cells).
Finding identical cells in module `\MEDIAN'.
Removed a total of 0 cells.

7.36.13. Executing OPT_DFF pass (perform DFF optimizations).

7.36.14. Executing OPT_CLEAN pass (remove unused cells and wires).
Finding unused cells or wires in module \MEDIAN..

7.36.15. Executing OPT_EXPR pass (perform const folding).
Optimizing module MEDIAN.

7.36.16. Finished OPT passes. (There is nothing left to do.)

7.37. Executing MEMORY pass.

7.37.1. Executing OPT_MEM pass (optimize memories).
Performed a total of 0 transformations.

7.37.2. Executing OPT_MEM_PRIORITY pass (removing unnecessary memory write priority relations).
Performed a total of 0 transformations.

7.37.3. Executing OPT_MEM_FEEDBACK pass (finding memory read-to-write feedback paths).

7.37.4. Executing MEMORY_BMUX2ROM pass (converting muxes to ROMs).

7.37.5. Executing MEMORY_DFF pass (merging $dff cells to $memrd).

7.37.6. Executing OPT_CLEAN pass (remove unused cells and wires).
Finding unused cells or wires in module \MEDIAN..

7.37.7. Executing MEMORY_SHARE pass (consolidating $memrd/$memwr cells).

7.37.8. Executing OPT_MEM_WIDEN pass (optimize memories where all ports are wide).
Performed a total of 0 transformations.

7.37.9. Executing OPT_CLEAN pass (remove unused cells and wires).
Finding unused cells or wires in module \MEDIAN..

7.37.10. Executing MEMORY_COLLECT pass (generating $mem cells).

7.38. Executing OPT_CLEAN pass (remove unused cells and wires).
Finding unused cells or wires in module \MEDIAN..

7.39. Executing MEMORY_BRAM pass (mapping $mem cells to block memories).

7.40. Executing TECHMAP pass (map to technology primitives).

7.40.1. Executing Verilog-2005 frontend: /comelec/softs/opt/yosys/current/bin/../share/yosys/intel_alm/common/bram_m10k_map.v
Parsing Verilog input from `/comelec/softs/opt/yosys/current/bin/../share/yosys/intel_alm/common/bram_m10k_map.v' to AST representation.
Generating RTLIL representation for module `\$__MISTRAL_M10K'.
Successfully finished Verilog frontend.

7.40.2. Continuing TECHMAP pass.
No more expansions possible.
<suppressed ~3 debug messages>

7.41. Executing MEMORY_BRAM pass (mapping $mem cells to block memories).

7.42. Executing MEMORY_MAP pass (converting memories to logic and flip-flops).

7.43. Executing OPT pass (performing simple optimizations).

7.43.1. Executing OPT_EXPR pass (perform const folding).
Optimizing module MEDIAN.
<suppressed ~9 debug messages>

7.43.2. Executing OPT_MERGE pass (detect identical cells).
Finding identical cells in module `\MEDIAN'.
Removed a total of 0 cells.

7.43.3. Executing OPT_MUXTREE pass (detect dead branches in mux trees).
Running muxtree optimizer on module \MEDIAN..
  Creating internal representation of mux trees.
  Evaluating internal representation of mux trees.
  Analyzing evaluation results.
Removed 0 multiplexer ports.
<suppressed ~8 debug messages>

7.43.4. Executing OPT_REDUCE pass (consolidate $*mux and $reduce_* inputs).
  Optimizing cells in module \MEDIAN.
    Consolidated identical input bits for $mux cell $procmux$68:
      Old ports: A=3'011, B=3'100, Y=$procmux$68_Y
      New ports: A=2'01, B=2'10, Y={ $procmux$68_Y [2] $procmux$68_Y [0] }
      New connections: $procmux$68_Y [1] = $procmux$68_Y [0]
  Optimizing cells in module \MEDIAN.
Performed a total of 1 changes.

7.43.5. Executing OPT_MERGE pass (detect identical cells).
Finding identical cells in module `\MEDIAN'.
Removed a total of 0 cells.

7.43.6. Executing OPT_SHARE pass.

7.43.7. Executing OPT_DFF pass (perform DFF optimizations).
Adding SRST signal on $auto$ff.cc:266:slice$260 ($dffe) from module MEDIAN (D = $procmux$54_Y, Q = \nCLKoff, rval = 4'1000).
Adding SRST signal on $auto$ff.cc:266:slice$253 ($dffe) from module MEDIAN (D = $procmux$46_Y, Q = \nCLKon, rval = 4'0000).

7.43.8. Executing OPT_CLEAN pass (remove unused cells and wires).
Finding unused cells or wires in module \MEDIAN..
Removed 2 unused cells and 7 unused wires.
<suppressed ~3 debug messages>

7.43.9. Executing OPT_EXPR pass (perform const folding).
Optimizing module MEDIAN.

7.43.10. Rerunning OPT passes. (Maybe there is more to do..)

7.43.11. Executing OPT_MUXTREE pass (detect dead branches in mux trees).
Running muxtree optimizer on module \MEDIAN..
  Creating internal representation of mux trees.
  Evaluating internal representation of mux trees.
  Analyzing evaluation results.
Removed 0 multiplexer ports.
<suppressed ~6 debug messages>

7.43.12. Executing OPT_REDUCE pass (consolidate $*mux and $reduce_* inputs).
  Optimizing cells in module \MEDIAN.
Performed a total of 0 changes.

7.43.13. Executing OPT_MERGE pass (detect identical cells).
Finding identical cells in module `\MEDIAN'.
Removed a total of 0 cells.

7.43.14. Executing OPT_SHARE pass.

7.43.15. Executing OPT_DFF pass (perform DFF optimizations).

7.43.16. Executing OPT_CLEAN pass (remove unused cells and wires).
Finding unused cells or wires in module \MEDIAN..

7.43.17. Executing OPT_EXPR pass (perform const folding).
Optimizing module MEDIAN.

7.43.18. Finished OPT passes. (There is nothing left to do.)

7.44. Executing TECHMAP pass (map to technology primitives).

7.44.1. Executing Verilog-2005 frontend: /comelec/softs/opt/yosys/current/bin/../share/yosys/techmap.v
Parsing Verilog input from `/comelec/softs/opt/yosys/current/bin/../share/yosys/techmap.v' to AST representation.
Generating RTLIL representation for module `\_90_simplemap_bool_ops'.
Generating RTLIL representation for module `\_90_simplemap_reduce_ops'.
Generating RTLIL representation for module `\_90_simplemap_logic_ops'.
Generating RTLIL representation for module `\_90_simplemap_compare_ops'.
Generating RTLIL representation for module `\_90_simplemap_various'.
Generating RTLIL representation for module `\_90_simplemap_registers'.
Generating RTLIL representation for module `\_90_shift_ops_shr_shl_sshl_sshr'.
Generating RTLIL representation for module `\_90_shift_shiftx'.
Generating RTLIL representation for module `\_90_fa'.
Generating RTLIL representation for module `\_90_lcu'.
Generating RTLIL representation for module `\_90_alu'.
Generating RTLIL representation for module `\_90_macc'.
Generating RTLIL representation for module `\_90_alumacc'.
Generating RTLIL representation for module `\$__div_mod_u'.
Generating RTLIL representation for module `\$__div_mod_trunc'.
Generating RTLIL representation for module `\_90_div'.
Generating RTLIL representation for module `\_90_mod'.
Generating RTLIL representation for module `\$__div_mod_floor'.
Generating RTLIL representation for module `\_90_divfloor'.
Generating RTLIL representation for module `\_90_modfloor'.
Generating RTLIL representation for module `\_90_pow'.
Generating RTLIL representation for module `\_90_pmux'.
Generating RTLIL representation for module `\_90_demux'.
Generating RTLIL representation for module `\_90_lut'.
Successfully finished Verilog frontend.

7.44.2. Continuing TECHMAP pass.
Using extmapper simplemap for cells of type $reduce_bool.
Using template $paramod$c5c783b17ab1d780abfad8cfe6563a0a7b47a3b0\_90_pmux for cells of type $pmux.
Using extmapper simplemap for cells of type $eq.
Using extmapper simplemap for cells of type $ne.
Using extmapper simplemap for cells of type $reduce_and.
Using extmapper simplemap for cells of type $not.
Using extmapper simplemap for cells of type $dffe.
Using extmapper simplemap for cells of type $mux.
Using template $paramod$bf2533632d512eac76dd186c0da49367e29b8e98\_90_pmux for cells of type $pmux.
Using template $paramod$d31bf4d7d72e59528d18fbd4f322e9d608532043\_90_pmux for cells of type $pmux.
Using extmapper simplemap for cells of type $sdffce.
Using extmapper simplemap for cells of type $logic_not.
Using extmapper simplemap for cells of type $adffe.
Using extmapper simplemap for cells of type $or.
Using extmapper simplemap for cells of type $dff.
Using extmapper simplemap for cells of type $logic_or.
Using extmapper simplemap for cells of type $logic_and.
Using extmapper simplemap for cells of type $xor.
Using extmapper simplemap for cells of type $and.
Using extmapper simplemap for cells of type $reduce_or.
No more expansions possible.
<suppressed ~190 debug messages>

7.45. Executing DFFLEGALIZE pass (convert FFs to types supported by the target).

7.46. Executing TECHMAP pass (map to technology primitives).

7.46.1. Executing Verilog-2005 frontend: /comelec/softs/opt/yosys/current/bin/../share/yosys/intel_alm/common/dff_map.v
Parsing Verilog input from `/comelec/softs/opt/yosys/current/bin/../share/yosys/intel_alm/common/dff_map.v' to AST representation.
Generating RTLIL representation for module `\$_DFFE_PN0P_'.
Generating RTLIL representation for module `\$_SDFFCE_PP0P_'.
Successfully finished Verilog frontend.

7.46.2. Continuing TECHMAP pass.
Using template \$_SDFFCE_PP0P_ for cells of type $_SDFFCE_PP0P_.
Using template \$_DFFE_PN0P_ for cells of type $_DFFE_PN0P_.
No more expansions possible.
<suppressed ~91 debug messages>

7.47. Executing OPT pass (performing simple optimizations).

7.47.1. Executing OPT_EXPR pass (perform const folding).
Optimizing module MEDIAN.
<suppressed ~98 debug messages>

7.47.2. Executing OPT_MERGE pass (detect identical cells).
Finding identical cells in module `\MEDIAN'.
<suppressed ~21 debug messages>
Removed a total of 7 cells.

7.47.3. Executing OPT_MUXTREE pass (detect dead branches in mux trees).
Running muxtree optimizer on module \MEDIAN..
  Creating internal representation of mux trees.
  No muxes found in this module.
Removed 0 multiplexer ports.

7.47.4. Executing OPT_REDUCE pass (consolidate $*mux and $reduce_* inputs).
  Optimizing cells in module \MEDIAN.
Performed a total of 0 changes.

7.47.5. Executing OPT_MERGE pass (detect identical cells).
Finding identical cells in module `\MEDIAN'.
Removed a total of 0 cells.

7.47.6. Executing OPT_SHARE pass.

7.47.7. Executing OPT_DFF pass (perform DFF optimizations).

7.47.8. Executing OPT_CLEAN pass (remove unused cells and wires).
Finding unused cells or wires in module \MEDIAN..
Removed 1 unused cells and 630 unused wires.
<suppressed ~2 debug messages>

7.47.9. Executing OPT_EXPR pass (perform const folding).
Optimizing module MEDIAN.

7.47.10. Rerunning OPT passes. (Maybe there is more to do..)

7.47.11. Executing OPT_MUXTREE pass (detect dead branches in mux trees).
Running muxtree optimizer on module \MEDIAN..
  Creating internal representation of mux trees.
  No muxes found in this module.
Removed 0 multiplexer ports.

7.47.12. Executing OPT_REDUCE pass (consolidate $*mux and $reduce_* inputs).
  Optimizing cells in module \MEDIAN.
Performed a total of 0 changes.

7.47.13. Executing OPT_MERGE pass (detect identical cells).
Finding identical cells in module `\MEDIAN'.
Removed a total of 0 cells.

7.47.14. Executing OPT_SHARE pass.

7.47.15. Executing OPT_DFF pass (perform DFF optimizations).

7.47.16. Executing OPT_CLEAN pass (remove unused cells and wires).
Finding unused cells or wires in module \MEDIAN..

7.47.17. Executing OPT_EXPR pass (perform const folding).
Optimizing module MEDIAN.

7.47.18. Finished OPT passes. (There is nothing left to do.)
Removed 0 unused cells and 8 unused wires.

7.48. Executing CLKBUFMAP pass (inserting clock buffers).
Inserting MISTRAL_CLKBUF on MEDIAN.I_MED.CLK[0].

7.49. Executing TECHMAP pass (map to technology primitives).

7.49.1. Executing Verilog-2005 frontend: /comelec/softs/opt/yosys/current/bin/../share/yosys/intel_alm/common/abc9_map.v
Parsing Verilog input from `/comelec/softs/opt/yosys/current/bin/../share/yosys/intel_alm/common/abc9_map.v' to AST representation.
Generating RTLIL representation for module `\MISTRAL_FF'.
Successfully finished Verilog frontend.

7.49.2. Continuing TECHMAP pass.
Using template $paramod\MISTRAL_FF\_TECHMAP_CONSTMSK_ACLR_=1'1 for cells of type MISTRAL_FF.
No more expansions possible.
<suppressed ~110 debug messages>

7.50. Executing ABC9 pass.

7.50.1. Executing ABC9_OPS pass (helper functions for ABC9).

7.50.2. Executing ABC9_OPS pass (helper functions for ABC9).

7.50.3. Executing SCC pass (detecting logic loops).
Found 0 SCCs in module MEDIAN.
Found 0 SCCs.

7.50.4. Executing ABC9_OPS pass (helper functions for ABC9).

7.50.5. Executing PROC pass (convert processes to netlists).

7.50.5.1. Executing PROC_CLEAN pass (remove empty switches from decision trees).
Cleaned up 0 empty switches.

7.50.5.2. Executing PROC_RMDEAD pass (remove dead branches from decision trees).
Removed a total of 0 dead cases.

7.50.5.3. Executing PROC_PRUNE pass (remove redundant assignments in processes).
Removed 0 redundant assignments.
Promoted 0 assignments to connections.

7.50.5.4. Executing PROC_INIT pass (extract init attributes).

7.50.5.5. Executing PROC_ARST pass (detect async resets in processes).

7.50.5.6. Executing PROC_ROM pass (convert switches to ROMs).
Converted 0 switches.

7.50.5.7. Executing PROC_MUX pass (convert decision trees to multiplexers).

7.50.5.8. Executing PROC_DLATCH pass (convert process syncs to latches).

7.50.5.9. Executing PROC_DFF pass (convert process syncs to FFs).

7.50.5.10. Executing PROC_MEMWR pass (convert process memory writes to cells).

7.50.5.11. Executing PROC_CLEAN pass (remove empty switches from decision trees).
Cleaned up 0 empty switches.

7.50.5.12. Executing OPT_EXPR pass (perform const folding).

7.50.6. Executing TECHMAP pass (map to technology primitives).

7.50.6.1. Executing Verilog-2005 frontend: /comelec/softs/opt/yosys/current/bin/../share/yosys/techmap.v
Parsing Verilog input from `/comelec/softs/opt/yosys/current/bin/../share/yosys/techmap.v' to AST representation.
Generating RTLIL representation for module `\_90_simplemap_bool_ops'.
Generating RTLIL representation for module `\_90_simplemap_reduce_ops'.
Generating RTLIL representation for module `\_90_simplemap_logic_ops'.
Generating RTLIL representation for module `\_90_simplemap_compare_ops'.
Generating RTLIL representation for module `\_90_simplemap_various'.
Generating RTLIL representation for module `\_90_simplemap_registers'.
Generating RTLIL representation for module `\_90_shift_ops_shr_shl_sshl_sshr'.
Generating RTLIL representation for module `\_90_shift_shiftx'.
Generating RTLIL representation for module `\_90_fa'.
Generating RTLIL representation for module `\_90_lcu'.
Generating RTLIL representation for module `\_90_alu'.
Generating RTLIL representation for module `\_90_macc'.
Generating RTLIL representation for module `\_90_alumacc'.
Generating RTLIL representation for module `\$__div_mod_u'.
Generating RTLIL representation for module `\$__div_mod_trunc'.
Generating RTLIL representation for module `\_90_div'.
Generating RTLIL representation for module `\_90_mod'.
Generating RTLIL representation for module `\$__div_mod_floor'.
Generating RTLIL representation for module `\_90_divfloor'.
Generating RTLIL representation for module `\_90_modfloor'.
Generating RTLIL representation for module `\_90_pow'.
Generating RTLIL representation for module `\_90_pmux'.
Generating RTLIL representation for module `\_90_demux'.
Generating RTLIL representation for module `\_90_lut'.
Successfully finished Verilog frontend.

7.50.6.2. Continuing TECHMAP pass.
No more expansions possible.
<suppressed ~120 debug messages>

7.50.7. Executing OPT pass (performing simple optimizations).

7.50.7.1. Executing OPT_EXPR pass (perform const folding).
Optimizing module MISTRAL_FF.

7.50.7.2. Executing OPT_MERGE pass (detect identical cells).
Finding identical cells in module `\MISTRAL_FF'.
Removed a total of 0 cells.

7.50.7.3. Executing OPT_MUXTREE pass (detect dead branches in mux trees).
Running muxtree optimizer on module \MISTRAL_FF..
  Creating internal representation of mux trees.
  No muxes found in this module.
Removed 0 multiplexer ports.

7.50.7.4. Executing OPT_REDUCE pass (consolidate $*mux and $reduce_* inputs).
  Optimizing cells in module \MISTRAL_FF.
Performed a total of 0 changes.

7.50.7.5. Executing OPT_MERGE pass (detect identical cells).
Finding identical cells in module `\MISTRAL_FF'.
Removed a total of 0 cells.

7.50.7.6. Executing OPT_DFF pass (perform DFF optimizations).

7.50.7.7. Executing OPT_CLEAN pass (remove unused cells and wires).
Finding unused cells or wires in module \MISTRAL_FF..

7.50.7.8. Executing OPT_EXPR pass (perform const folding).
Optimizing module MISTRAL_FF.

7.50.7.9. Finished OPT passes. (There is nothing left to do.)

7.50.8. Executing TECHMAP pass (map to technology primitives).

7.50.8.1. Executing Verilog-2005 frontend: /comelec/softs/opt/yosys/current/bin/../share/yosys/abc9_map.v
Parsing Verilog input from `/comelec/softs/opt/yosys/current/bin/../share/yosys/abc9_map.v' to AST representation.
Successfully finished Verilog frontend.

7.50.8.2. Continuing TECHMAP pass.
Using template MISTRAL_FF for cells of type MISTRAL_FF.
No more expansions possible.
<suppressed ~7 debug messages>

7.50.9. Executing Verilog-2005 frontend: /comelec/softs/opt/yosys/current/bin/../share/yosys/abc9_model.v
Parsing Verilog input from `/comelec/softs/opt/yosys/current/bin/../share/yosys/abc9_model.v' to AST representation.
Generating RTLIL representation for module `$__ABC9_DELAY'.
Generating RTLIL representation for module `$__ABC9_SCC_BREAKER'.
Generating RTLIL representation for module `$__DFF_N__$abc9_flop'.
Generating RTLIL representation for module `$__DFF_P__$abc9_flop'.
Successfully finished Verilog frontend.

7.50.10. Executing ABC9_OPS pass (helper functions for ABC9).
<suppressed ~2 debug messages>

7.50.11. Executing ABC9_OPS pass (helper functions for ABC9).

7.50.12. Executing ABC9_OPS pass (helper functions for ABC9).
<suppressed ~2 debug messages>

7.50.13. Executing TECHMAP pass (map to technology primitives).

7.50.13.1. Executing Verilog-2005 frontend: /comelec/softs/opt/yosys/current/bin/../share/yosys/techmap.v
Parsing Verilog input from `/comelec/softs/opt/yosys/current/bin/../share/yosys/techmap.v' to AST representation.
Generating RTLIL representation for module `\_90_simplemap_bool_ops'.
Generating RTLIL representation for module `\_90_simplemap_reduce_ops'.
Generating RTLIL representation for module `\_90_simplemap_logic_ops'.
Generating RTLIL representation for module `\_90_simplemap_compare_ops'.
Generating RTLIL representation for module `\_90_simplemap_various'.
Generating RTLIL representation for module `\_90_simplemap_registers'.
Generating RTLIL representation for module `\_90_shift_ops_shr_shl_sshl_sshr'.
Generating RTLIL representation for module `\_90_shift_shiftx'.
Generating RTLIL representation for module `\_90_fa'.
Generating RTLIL representation for module `\_90_lcu'.
Generating RTLIL representation for module `\_90_alu'.
Generating RTLIL representation for module `\_90_macc'.
Generating RTLIL representation for module `\_90_alumacc'.
Generating RTLIL representation for module `\$__div_mod_u'.
Generating RTLIL representation for module `\$__div_mod_trunc'.
Generating RTLIL representation for module `\_90_div'.
Generating RTLIL representation for module `\_90_mod'.
Generating RTLIL representation for module `\$__div_mod_floor'.
Generating RTLIL representation for module `\_90_divfloor'.
Generating RTLIL representation for module `\_90_modfloor'.
Generating RTLIL representation for module `\_90_pow'.
Generating RTLIL representation for module `\_90_pmux'.
Generating RTLIL representation for module `\_90_demux'.
Generating RTLIL representation for module `\_90_lut'.
Successfully finished Verilog frontend.

7.50.13.2. Continuing TECHMAP pass.
Using template $paramod\MISTRAL_ALUT_ARITH\LUT0=16'1010101010101010\LUT1=16'0000000000000000 for cells of type $paramod\MISTRAL_ALUT_ARITH\LUT0=16'1010101010101010\LUT1=16'0000000000000000.
Using template $paramod\MISTRAL_ALUT_ARITH\LUT0=16'1010101010101010\LUT1=16'1100001111000011 for cells of type $paramod\MISTRAL_ALUT_ARITH\LUT0=16'1010101010101010\LUT1=16'1100001111000011.
Running "alumacc" on wrapper $extern:wrap:$add:Y_WIDTH=2:B_WIDTH=1:A_WIDTH=2:B_SIGNED=0:A_SIGNED=0:394426c56d1a028ba8fdd5469b163e04011def47.
Using template $extern:wrap:$add:Y_WIDTH=2:B_WIDTH=1:A_WIDTH=2:B_SIGNED=0:A_SIGNED=0:394426c56d1a028ba8fdd5469b163e04011def47 for cells of type $extern:wrap:$add:Y_WIDTH=2:B_WIDTH=1:A_WIDTH=2:B_SIGNED=0:A_SIGNED=0:394426c56d1a028ba8fdd5469b163e04011def47.
Running "alumacc" on wrapper $extern:wrap:$add:Y_WIDTH=2:B_WIDTH=2:A_WIDTH=1:B_SIGNED=0:A_SIGNED=0:394426c56d1a028ba8fdd5469b163e04011def47.
Using template $extern:wrap:$add:Y_WIDTH=2:B_WIDTH=2:A_WIDTH=1:B_SIGNED=0:A_SIGNED=0:394426c56d1a028ba8fdd5469b163e04011def47 for cells of type $extern:wrap:$add:Y_WIDTH=2:B_WIDTH=2:A_WIDTH=1:B_SIGNED=0:A_SIGNED=0:394426c56d1a028ba8fdd5469b163e04011def47.
Using extmapper simplemap for cells of type $logic_not.
Using template $paramod$constmap:da78d05fe2a90a9c124545790c51474a3466d748$paramod$e31da3c1e7d1078ed1477dabeabe646dcd7d3c9b\_90_shift_ops_shr_shl_sshl_sshr for cells of type $shr.
Analyzing pattern of constant bits for this cell:
  Constant input on bit 0 of port A: 1'0
  Constant input on bit 1 of port A: 1'1
  Constant input on bit 2 of port A: 1'0
  Constant input on bit 3 of port A: 1'1
  Constant input on bit 4 of port A: 1'0
  Constant input on bit 5 of port A: 1'1
  Constant input on bit 6 of port A: 1'0
  Constant input on bit 7 of port A: 1'1
  Constant input on bit 8 of port A: 1'0
  Constant input on bit 9 of port A: 1'1
  Constant input on bit 10 of port A: 1'0
  Constant input on bit 11 of port A: 1'1
  Constant input on bit 12 of port A: 1'0
  Constant input on bit 13 of port A: 1'1
  Constant input on bit 14 of port A: 1'0
  Constant input on bit 15 of port A: 1'1
Creating constmapped module `$paramod$constmap:debecbbf3717e0f4c680abc85cfc533019b210d7$paramod$e31da3c1e7d1078ed1477dabeabe646dcd7d3c9b\_90_shift_ops_shr_shl_sshl_sshr'.

7.50.13.12. Executing OPT_MUXTREE pass (detect dead branches in mux trees).
Running muxtree optimizer on module $paramod$constmap:debecbbf3717e0f4c680abc85cfc533019b210d7$paramod$e31da3c1e7d1078ed1477dabeabe646dcd7d3c9b\_90_shift_ops_shr_shl_sshl_sshr..
  Creating internal representation of mux trees.
  No muxes found in this module.
Removed 0 multiplexer ports.
<suppressed ~502 debug messages>

7.50.13.13. Executing OPT_EXPR pass (perform const folding).
Optimizing module $paramod$constmap:debecbbf3717e0f4c680abc85cfc533019b210d7$paramod$e31da3c1e7d1078ed1477dabeabe646dcd7d3c9b\_90_shift_ops_shr_shl_sshl_sshr.
<suppressed ~149 debug messages>
Removed 0 unused cells and 12 unused wires.
Using template $paramod$constmap:debecbbf3717e0f4c680abc85cfc533019b210d7$paramod$e31da3c1e7d1078ed1477dabeabe646dcd7d3c9b\_90_shift_ops_shr_shl_sshl_sshr for cells of type $shr.
Analyzing pattern of constant bits for this cell:
  Constant input on bit 0 of port A: 1'1
  Constant input on bit 1 of port A: 1'1
  Constant input on bit 2 of port A: 1'0
  Constant input on bit 3 of port A: 1'0
  Constant input on bit 4 of port A: 1'0
  Constant input on bit 5 of port A: 1'0
  Constant input on bit 6 of port A: 1'1
  Constant input on bit 7 of port A: 1'1
  Constant input on bit 8 of port A: 1'1
  Constant input on bit 9 of port A: 1'1
  Constant input on bit 10 of port A: 1'0
  Constant input on bit 11 of port A: 1'0
  Constant input on bit 12 of port A: 1'0
  Constant input on bit 13 of port A: 1'0
  Constant input on bit 14 of port A: 1'1
  Constant input on bit 15 of port A: 1'1
Creating constmapped module `$paramod$constmap:56b8783ba577858eda421dc9a52b6c51029bfb42$paramod$e31da3c1e7d1078ed1477dabeabe646dcd7d3c9b\_90_shift_ops_shr_shl_sshl_sshr'.

7.50.13.14. Executing OPT_MUXTREE pass (detect dead branches in mux trees).
Running muxtree optimizer on module $paramod$constmap:56b8783ba577858eda421dc9a52b6c51029bfb42$paramod$e31da3c1e7d1078ed1477dabeabe646dcd7d3c9b\_90_shift_ops_shr_shl_sshl_sshr..
  Creating internal representation of mux trees.
  No muxes found in this module.
Removed 0 multiplexer ports.
<suppressed ~4 debug messages>

7.50.13.15. Executing OPT_EXPR pass (perform const folding).
Optimizing module $paramod$constmap:56b8783ba577858eda421dc9a52b6c51029bfb42$paramod$e31da3c1e7d1078ed1477dabeabe646dcd7d3c9b\_90_shift_ops_shr_shl_sshl_sshr.
<suppressed ~147 debug messages>
Removed 0 unused cells and 12 unused wires.
Using template $paramod$constmap:56b8783ba577858eda421dc9a52b6c51029bfb42$paramod$e31da3c1e7d1078ed1477dabeabe646dcd7d3c9b\_90_shift_ops_shr_shl_sshl_sshr for cells of type $shr.
Using template $paramod$175e67c02b86e96b1288b9dc100122520d7240d8\_90_alu for cells of type $alu.
Using extmapper simplemap for cells of type $xor.
Using extmapper simplemap for cells of type $and.
Using template $paramod\_90_lcu\WIDTH=32'00000000000000000000000000000010 for cells of type $lcu.
Using extmapper simplemap for cells of type $pos.
Using extmapper simplemap for cells of type $not.
Using extmapper simplemap for cells of type $or.
No more expansions possible.
<suppressed ~180 debug messages>

7.50.14. Executing OPT pass (performing simple optimizations).

7.50.14.1. Executing OPT_EXPR pass (perform const folding).
Optimizing module MEDIAN.
<suppressed ~48 debug messages>

7.50.14.2. Executing OPT_MERGE pass (detect identical cells).
Finding identical cells in module `\MEDIAN'.
<suppressed ~219 debug messages>
Removed a total of 73 cells.

7.50.14.3. Executing OPT_MUXTREE pass (detect dead branches in mux trees).
Running muxtree optimizer on module \MEDIAN..
  Creating internal representation of mux trees.
  No muxes found in this module.
Removed 0 multiplexer ports.

7.50.14.4. Executing OPT_REDUCE pass (consolidate $*mux and $reduce_* inputs).
  Optimizing cells in module \MEDIAN.
Performed a total of 0 changes.

7.50.14.5. Executing OPT_MERGE pass (detect identical cells).
Finding identical cells in module `\MEDIAN'.
Removed a total of 0 cells.

7.50.14.6. Executing OPT_DFF pass (perform DFF optimizations).

7.50.14.7. Executing OPT_CLEAN pass (remove unused cells and wires).
Finding unused cells or wires in module \MEDIAN..
Removed 60 unused cells and 186 unused wires.
<suppressed ~61 debug messages>

7.50.14.8. Executing OPT_EXPR pass (perform const folding).
Optimizing module MEDIAN.
<suppressed ~1 debug messages>

7.50.14.9. Rerunning OPT passes. (Maybe there is more to do..)

7.50.14.10. Executing OPT_MUXTREE pass (detect dead branches in mux trees).
Running muxtree optimizer on module \MEDIAN..
  Creating internal representation of mux trees.
  No muxes found in this module.
Removed 0 multiplexer ports.

7.50.14.11. Executing OPT_REDUCE pass (consolidate $*mux and $reduce_* inputs).
  Optimizing cells in module \MEDIAN.
Performed a total of 0 changes.

7.50.14.12. Executing OPT_MERGE pass (detect identical cells).
Finding identical cells in module `\MEDIAN'.
Removed a total of 0 cells.

7.50.14.13. Executing OPT_DFF pass (perform DFF optimizations).

7.50.14.14. Executing OPT_CLEAN pass (remove unused cells and wires).
Finding unused cells or wires in module \MEDIAN..
Removed 0 unused cells and 1 unused wires.
<suppressed ~1 debug messages>

7.50.14.15. Executing OPT_EXPR pass (perform const folding).
Optimizing module MEDIAN.

7.50.14.16. Rerunning OPT passes. (Maybe there is more to do..)

7.50.14.17. Executing OPT_MUXTREE pass (detect dead branches in mux trees).
Running muxtree optimizer on module \MEDIAN..
  Creating internal representation of mux trees.
  No muxes found in this module.
Removed 0 multiplexer ports.

7.50.14.18. Executing OPT_REDUCE pass (consolidate $*mux and $reduce_* inputs).
  Optimizing cells in module \MEDIAN.
Performed a total of 0 changes.

7.50.14.19. Executing OPT_MERGE pass (detect identical cells).
Finding identical cells in module `\MEDIAN'.
Removed a total of 0 cells.

7.50.14.20. Executing OPT_DFF pass (perform DFF optimizations).

7.50.14.21. Executing OPT_CLEAN pass (remove unused cells and wires).
Finding unused cells or wires in module \MEDIAN..

7.50.14.22. Executing OPT_EXPR pass (perform const folding).
Optimizing module MEDIAN.

7.50.14.23. Finished OPT passes. (There is nothing left to do.)

7.50.15. Executing AIGMAP pass (map logic to AIG).
Module MEDIAN: replaced 6 cells with 42 new cells, skipped 30 cells.
  replaced 2 cell types:
       5 $_XOR_
       1 $_MUX_
  not replaced 3 cell types:
      24 $specify2
       3 $_NOT_
       3 $_AND_

7.50.16. Executing AIGMAP pass (map logic to AIG).
Module MEDIAN: replaced 81 cells with 441 new cells, skipped 198 cells.
  replaced 3 cell types:
      42 $_OR_
      18 $_XOR_
      21 $_MUX_
  not replaced 10 cell types:
      24 $_NOT_
      41 $_AND_
       3 MISTRAL_FF
      11 MISTRAL_IB
       9 MISTRAL_OB
       1 MISTRAL_CLKBUF
      84 $__MISTRAL_FF_SYNCONLY
       2 $paramod\MISTRAL_ALUT_ARITH\LUT0=16'1010101010101010\LUT1=16'0000000000000000
      20 $paramod\MISTRAL_ALUT_ARITH\LUT0=16'1010101010101010\LUT1=16'1100001111000011
       3 MISTRAL_FF_$abc9_byp

7.50.16.1. Executing ABC9_OPS pass (helper functions for ABC9).

7.50.16.2. Executing ABC9_OPS pass (helper functions for ABC9).

7.50.16.3. Executing XAIGER backend.
<suppressed ~14 debug messages>
Extracted 200 AND gates and 684 wires from module `MEDIAN' to a netlist network with 119 inputs and 115 outputs.

7.50.16.4. Executing ABC9_EXE pass (technology mapping using ABC9).

7.50.16.5. Executing ABC9.
Running ABC command: "<yosys-exe-dir>/yosys-abc" -s -f <abc-temp-dir>/abc.script 2>&1
ABC: ABC command line: "source <abc-temp-dir>/abc.script".
ABC: 
ABC: + read_lut <abc-temp-dir>/input.lut 
ABC: + read_box <abc-temp-dir>/input.box 
ABC: + &read <abc-temp-dir>/input.xaig 
ABC: + &ps 
ABC: <abc-temp-dir>/input : i/o =    119/    115  and =     188  lev =   11 (0.73)  mem = 0.01 MB  box = 25  bb = 3
ABC: + &scorr 
ABC: Warning: The network is combinational.
ABC: + &sweep 
ABC: + &dc2 
ABC: + &dch -f 
ABC: + &ps 
ABC: <abc-temp-dir>/input : i/o =    119/    115  and =     261  lev =   10 (0.62)  mem = 0.01 MB  ch =   38  box = 25  bb = 3
ABC: + &if -W 600 -v 
ABC: K = 6. Memory (bytes): Truth =    0. Cut =   56. Obj =  136. Set =  600. CutMin = no
ABC: Node =     261.  Ch =    36.  Total mem =    0.10 MB. Peak cut mem =    0.02 MB.
ABC: P:  Del = 3363.00.  Ar =      62.0.  Edge =      201.  Cut =     2170.  T =     0.00 sec
ABC: P:  Del = 3363.00.  Ar =      55.0.  Edge =      188.  Cut =     1862.  T =     0.00 sec
ABC: P:  Del = 3363.00.  Ar =      52.0.  Edge =      180.  Cut =     2516.  T =     0.00 sec
ABC: F:  Del = 3363.00.  Ar =      49.0.  Edge =      173.  Cut =     2286.  T =     0.00 sec
ABC: A:  Del = 3363.00.  Ar =      46.0.  Edge =      159.  Cut =     2354.  T =     0.00 sec
ABC: A:  Del = 3363.00.  Ar =      46.0.  Edge =      159.  Cut =     2337.  T =     0.00 sec
ABC: Total time =     0.00 sec
ABC: + &write -n <abc-temp-dir>/output.aig 
ABC: + &mfs 
ABC: + &ps -l 
ABC: <abc-temp-dir>/input : i/o =    119/    115  and =     165  lev =    9 (0.57)  mem = 0.01 MB  box = 25  bb = 3
ABC: Mapping (K=6)  :  lut =     35  edge =     148  lev =    4 (0.23)  levB =   11  mem = 0.00 MB
ABC: LUT = 35 : 2=2 5.7 %  3=4 11.4 %  4=15 42.9 %  5=12 34.3 %  6=2 5.7 %  Ave = 4.23
ABC: + &write -n <abc-temp-dir>/output.aig 
ABC: + time 
ABC: elapse: 0.02 seconds, total: 0.02 seconds

7.50.16.6. Executing AIGER frontend.
<suppressed ~480 debug messages>
Removed 265 unused cells and 707 unused wires.

7.50.16.7. Executing ABC9_OPS pass (helper functions for ABC9).
ABC RESULTS:              $lut cells:       39
ABC RESULTS:   $paramod\MISTRAL_ALUT_ARITH\LUT0=16'1010101010101010\LUT1=16'0000000000000000 cells:        2
ABC RESULTS:   $paramod\MISTRAL_ALUT_ARITH\LUT0=16'1010101010101010\LUT1=16'1100001111000011 cells:       20
ABC RESULTS:   \MISTRAL_FF_$abc9_byp cells:        3
ABC RESULTS:           input signals:       13
ABC RESULTS:          output signals:       28
Removing temp directory.

7.50.17. Executing TECHMAP pass (map to technology primitives).

7.50.17.1. Executing Verilog-2005 frontend: /comelec/softs/opt/yosys/current/bin/../share/yosys/abc9_unmap.v
Parsing Verilog input from `/comelec/softs/opt/yosys/current/bin/../share/yosys/abc9_unmap.v' to AST representation.
Generating RTLIL representation for module `\$__DFF_x__$abc9_flop'.
Generating RTLIL representation for module `\$__ABC9_SCC_BREAKER'.
Successfully finished Verilog frontend.

7.50.17.2. Continuing TECHMAP pass.
Using template $paramod\MISTRAL_ALUT_ARITH\LUT0=16'1010101010101010\LUT1=16'1100001111000011 for cells of type $paramod\MISTRAL_ALUT_ARITH\LUT0=16'1010101010101010\LUT1=16'1100001111000011.
Using template $paramod\MISTRAL_ALUT_ARITH\LUT0=16'1010101010101010\LUT1=16'0000000000000000 for cells of type $paramod\MISTRAL_ALUT_ARITH\LUT0=16'1010101010101010\LUT1=16'0000000000000000.
Using template MISTRAL_FF_$abc9_byp for cells of type MISTRAL_FF_$abc9_byp.
No more expansions possible.
<suppressed ~34 debug messages>

7.51. Executing TECHMAP pass (map to technology primitives).

7.51.1. Executing Verilog-2005 frontend: /comelec/softs/opt/yosys/current/bin/../share/yosys/intel_alm/common/abc9_unmap.v
Parsing Verilog input from `/comelec/softs/opt/yosys/current/bin/../share/yosys/intel_alm/common/abc9_unmap.v' to AST representation.
Generating RTLIL representation for module `\$__MISTRAL_FF_SYNCONLY'.
Successfully finished Verilog frontend.

7.51.2. Continuing TECHMAP pass.
Using template \$__MISTRAL_FF_SYNCONLY for cells of type $__MISTRAL_FF_SYNCONLY.
No more expansions possible.
<suppressed ~87 debug messages>

7.52. Executing TECHMAP pass (map to technology primitives).

7.52.1. Executing Verilog-2005 frontend: /comelec/softs/opt/yosys/current/bin/../share/yosys/intel_alm/common/alm_map.v
Parsing Verilog input from `/comelec/softs/opt/yosys/current/bin/../share/yosys/intel_alm/common/alm_map.v' to AST representation.
Generating RTLIL representation for module `\$lut'.
Successfully finished Verilog frontend.

7.52.2. Continuing TECHMAP pass.
Using template $paramod$2d07c1a6c53c7b878509360922c4fa5ebedc3011\$lut for cells of type $lut.
Using template $paramod$8aac8f3e79028072625e4f7e6c8f857ae06d34cf\$lut for cells of type $lut.
Using template $paramod$f9813472aa48e533b3838c6f2316dc2e78c66111\$lut for cells of type $lut.
Using template $paramod\$lut\WIDTH=32'00000000000000000000000000000010\LUT=4'1000 for cells of type $lut.
Using template $paramod\$lut\WIDTH=32'00000000000000000000000000000011\LUT=8'11101111 for cells of type $lut.
Using template $paramod\$lut\WIDTH=32'00000000000000000000000000000011\LUT=8'10110010 for cells of type $lut.
Using template $paramod$adf43acfd7f0c3e99e7c5d9ddcc868bace51701e\$lut for cells of type $lut.
Using template $paramod\$lut\WIDTH=32'00000000000000000000000000000011\LUT=8'01000000 for cells of type $lut.
Using template $paramod$2382b0dd4cb27fd4312681c40a6dd179c2a7a26a\$lut for cells of type $lut.
Using template $paramod$8e44661def013b6bf9fe6f8b049ef2c838d749f9\$lut for cells of type $lut.
Using template $paramod$7ccb46ee9b56c39e0a7d82a185b08cb026e04fbc\$lut for cells of type $lut.
Using template $paramod$a728f48787b4fca5a5303c784e8ecfb3c60bdcfe\$lut for cells of type $lut.
Using template $paramod\$lut\WIDTH=32'00000000000000000000000000000011\LUT=8'00000010 for cells of type $lut.
Using template $paramod$a710625e9e626ef5063a9eaeb20113d01f3592de\$lut for cells of type $lut.
Using template $paramod$ea164ac10c737fb9a993029ac71757f49d893b6c\$lut for cells of type $lut.
Using template $paramod$e57bcb018bfe8170bc04f13a73befe2def28cdf3\$lut for cells of type $lut.
Using template $paramod$87a99cbe39fc6e4f8654cfa5c6c0f8a4fe260be2\$lut for cells of type $lut.
Using template $paramod\$lut\WIDTH=32'00000000000000000000000000000010\LUT=4'0100 for cells of type $lut.
Using template $paramod$8da02996bc6ce025fcc2ce1dafd66f4b38a423f1\$lut for cells of type $lut.
Using template $paramod$8702d826849a5d8af6dd5fde2d287a6443f7d076\$lut for cells of type $lut.
Using template $paramod$7dca9f8a3e3d13833f0e6f1f02c05f0cba7a9a17\$lut for cells of type $lut.
Using template $paramod$c784efdc32cea0f22dfe4d8e723a0d25994a7415\$lut for cells of type $lut.
Using template $paramod$114cec172d8a99287ecce5b94f20863d32d39458\$lut for cells of type $lut.
Using template $paramod$7c0c958e927437390cb58f1395b98e0852db607c\$lut for cells of type $lut.
Using template $paramod$b43cdd6ca89f8faa7ea02c4f2b202cefaf655ede\$lut for cells of type $lut.
Using template $paramod\$lut\WIDTH=32'00000000000000000000000000000011\LUT=8'10111111 for cells of type $lut.
Using template $paramod$7c6be34fe2e8b41c430635325d1d156e6b57654a\$lut for cells of type $lut.
Using template $paramod$073804ed77678fcb2636a2c1b50a9bd5d42be173\$lut for cells of type $lut.
Using template $paramod$4f462dc11e548e5e5b877438b775298a98c1e8ca\$lut for cells of type $lut.
Using template $paramod$3c098828a78451dd2825616ccc0f3aebe4a67ec2\$lut for cells of type $lut.
Using template $paramod\$lut\WIDTH=32'00000000000000000000000000000011\LUT=8'00010000 for cells of type $lut.
Using template $paramod$0e8d92e166f25a9604cfd32fd2744b654aeb245b\$lut for cells of type $lut.
Using template $paramod$5a3b726670ce434c27ab6d39e16edfbe9baa03b2\$lut for cells of type $lut.
Using template $paramod$8d58c55d26490b5a99a369b5eb692d6122da9b60\$lut for cells of type $lut.
Using template $paramod$28e08275c4793a5f7489ab05693de1f9d34a6c04\$lut for cells of type $lut.
Using template $paramod$babcaa27092cf78ca2016504379310fd6371f266\$lut for cells of type $lut.
Using template $paramod$e4c3984b0f292ec38c153e6818d5f5a1c58e4f5f\$lut for cells of type $lut.
Using template $paramod\$lut\WIDTH=32'00000000000000000000000000000001\LUT=2'01 for cells of type $lut.
Using template $paramod$2978a73989be3e1278af72b9db666c30fa0ff85b\$lut for cells of type $lut.
No more expansions possible.
<suppressed ~562 debug messages>

7.53. Executing OPT pass (performing simple optimizations).

7.53.1. Executing OPT_EXPR pass (perform const folding).
Optimizing module MEDIAN.

7.53.2. Executing OPT_MERGE pass (detect identical cells).
Finding identical cells in module `\MEDIAN'.
Removed a total of 0 cells.

7.53.3. Executing OPT_DFF pass (perform DFF optimizations).

7.53.4. Executing OPT_CLEAN pass (remove unused cells and wires).
Finding unused cells or wires in module \MEDIAN..
Removed 13 unused cells and 2272 unused wires.
<suppressed ~17 debug messages>

7.53.5. Finished fast OPT passes.

7.54. Executing AUTONAME pass.
Renamed 1306 objects in module MEDIAN (40 iterations).
<suppressed ~234 debug messages>

7.55. Executing HIERARCHY pass (managing design hierarchy).

7.55.1. Analyzing design hierarchy..
Top module:  \MEDIAN

7.55.2. Analyzing design hierarchy..
Top module:  \MEDIAN
Removed 0 unused modules.

7.56. Printing statistics.

=== MEDIAN ===

   Number of wires:                 86
   Number of wire bits:            246
   Number of public wires:          86
   Number of public wire bits:     246
   Number of memories:               0
   Number of memory bits:            0
   Number of processes:              0
   Number of cells:                169
     MISTRAL_ALUT2                   2
     MISTRAL_ALUT3                   4
     MISTRAL_ALUT4                  15
     MISTRAL_ALUT5                  12
     MISTRAL_ALUT6                   2
     MISTRAL_ALUT_ARITH             22
     MISTRAL_CLKBUF                  1
     MISTRAL_FF                     87
     MISTRAL_IB                     11
     MISTRAL_NOT                     4
     MISTRAL_OB                      9

7.57. Executing CHECK pass (checking for obvious problems).
Checking module MEDIAN...
Found and reported 0 problems.

8. Executing JSON backend.

9. Executing Verilog backend.

9.1. Executing BMUXMAP pass.

9.2. Executing DEMUXMAP pass.
Dumping module `\MEDIAN'.

Warnings: 1 unique messages, 2 total
End of script. Logfile hash: b379d56f09, CPU: user 0.42s system 0.02s, MEM: 34.45 MB peak
Yosys 0.36+40 (git sha1 449e3dbbd, clang 14.0.6 -fPIC -Os)
Time spent: 18% 17x techmap (0 sec), 17% 44x read_verilog (0 sec), ...
